2023-12-24 21:31:56,775 [background-preinit] INFO  o.h.validator.internal.util.Version                - HV000001: Hibernate Validator 6.2.0.Final
2023-12-24 21:31:56,784 [main] INFO  o.f.t.SpringBootSecurityJwtApplication             - Starting SpringBootSecurityJwtApplication using Java 17.0.1 on LAPTOP-T8S580OC with PID 12016 (D:\teach-web\java-server\target\classes started by jin in D:\teach-web\java-server)
2023-12-24 21:31:56,784 [main] INFO  o.f.t.SpringBootSecurityJwtApplication             - No active profile set, falling back to default profiles: default
2023-12-24 21:31:57,529 [main] INFO  o.s.d.r.c.RepositoryConfigurationDelegate          - Multiple Spring Data modules found, entering strict repository configuration mode!
2023-12-24 21:31:57,530 [main] INFO  o.s.d.r.c.RepositoryConfigurationDelegate          - Bootstrapping Spring Data JPA repositories in DEFAULT mode.
2023-12-24 21:31:57,661 [main] INFO  o.s.d.r.c.RepositoryConfigurationDelegate          - Finished Spring Data repository scanning in 126 ms. Found 36 JPA repository interfaces.
2023-12-24 21:31:57,901 [main] INFO  o.s.c.s.PostProcessorRegistrationDelegate$BeanPostProcessorChecker - Bean 'org.springframework.security.access.expression.method.DefaultMethodSecurityExpressionHandler@37baddde' of type [org.springframework.security.access.expression.method.DefaultMethodSecurityExpressionHandler] is not eligible for getting processed by all BeanPostProcessors (for example: not eligible for auto-proxying)
2023-12-24 21:31:57,904 [main] INFO  o.s.c.s.PostProcessorRegistrationDelegate$BeanPostProcessorChecker - Bean 'methodSecurityMetadataSource' of type [org.springframework.security.access.method.DelegatingMethodSecurityMetadataSource] is not eligible for getting processed by all BeanPostProcessors (for example: not eligible for auto-proxying)
2023-12-24 21:31:58,102 [main] INFO  o.s.b.w.embedded.tomcat.TomcatWebServer            - Tomcat initialized with port(s): 9090 (http)
2023-12-24 21:31:58,113 [main] INFO  o.apache.coyote.http11.Http11NioProtocol           - Initializing ProtocolHandler ["http-nio-9090"]
2023-12-24 21:31:58,114 [main] INFO  org.apache.catalina.core.StandardService           - Starting service [Tomcat]
2023-12-24 21:31:58,114 [main] INFO  org.apache.catalina.core.StandardEngine            - Starting Servlet engine: [Apache Tomcat/9.0.46]
2023-12-24 21:31:58,248 [main] INFO  o.a.c.c.C.[Tomcat].[localhost].[/]                 - Initializing Spring embedded WebApplicationContext
2023-12-24 21:31:58,248 [main] INFO  o.s.b.w.s.c.ServletWebServerApplicationContext     - Root WebApplicationContext: initialization completed in 1424 ms
2023-12-24 21:31:58,307 [main] WARN  o.s.b.a.o.j.JpaBaseConfiguration$JpaWebConfiguration - spring.jpa.open-in-view is enabled by default. Therefore, database queries may be performed during view rendering. Explicitly configure spring.jpa.open-in-view to disable this warning
2023-12-24 21:31:58,338 [main] INFO  com.zaxxer.hikari.HikariDataSource                 - HikariPool-1 - Starting...
2023-12-24 21:31:58,403 [main] INFO  com.zaxxer.hikari.HikariDataSource                 - HikariPool-1 - Start completed.
2023-12-24 21:31:58,459 [main] INFO  o.hibernate.jpa.internal.util.LogHelper            - HHH000204: Processing PersistenceUnitInfo [name: default]
2023-12-24 21:31:58,505 [main] INFO  org.hibernate.Version                              - HHH000412: Hibernate ORM core version 5.6.15.Final
2023-12-24 21:31:58,631 [main] INFO  org.hibernate.annotations.common.Version           - HCANN000001: Hibernate Commons Annotations {5.1.2.Final}
2023-12-24 21:31:58,724 [main] INFO  org.hibernate.dialect.Dialect                      - HHH000400: Using dialect: org.fatmansoft.teach.sqlite.SQLDialect
2023-12-24 21:31:59,464 [main] INFO  o.h.e.t.j.p.i.JtaPlatformInitiator                 - HHH000490: Using JtaPlatform implementation: [org.hibernate.engine.transaction.jta.platform.internal.NoJtaPlatform]
2023-12-24 21:31:59,471 [main] INFO  o.s.o.j.LocalContainerEntityManagerFactoryBean     - Initialized JPA EntityManagerFactory for persistence unit 'default'
2023-12-24 21:32:01,547 [main] INFO  o.s.b.a.w.s.WelcomePageHandlerMapping              - Adding welcome page: class path resource [public/index.html]
2023-12-24 21:32:01,670 [main] INFO  o.s.s.web.DefaultSecurityFilterChain               - Will secure any request with [org.springframework.security.web.context.request.async.WebAsyncManagerIntegrationFilter@593d0173, org.springframework.security.web.context.SecurityContextPersistenceFilter@7d6ccad7, org.springframework.security.web.header.HeaderWriterFilter@5efa05f9, org.springframework.web.filter.CorsFilter@4a0a93ce, org.springframework.security.web.authentication.logout.LogoutFilter@3f7aa4f8, org.fatmansoft.teach.security.jwt.AuthTokenFilter@63541cd4, org.springframework.security.web.savedrequest.RequestCacheAwareFilter@481b8d53, org.springframework.security.web.servletapi.SecurityContextHolderAwareRequestFilter@3524ee20, org.springframework.security.web.authentication.AnonymousAuthenticationFilter@64404db6, org.springframework.security.web.session.SessionManagementFilter@705ebb4d, org.springframework.security.web.access.ExceptionTranslationFilter@252f00ba, org.springframework.security.web.access.intercept.FilterSecurityInterceptor@23973547]
2023-12-24 21:32:01,921 [main] INFO  o.apache.coyote.http11.Http11NioProtocol           - Starting ProtocolHandler ["http-nio-9090"]
2023-12-24 21:32:01,968 [main] INFO  o.s.b.w.embedded.tomcat.TomcatWebServer            - Tomcat started on port(s): 9090 (http) with context path ''
2023-12-24 21:32:01,979 [main] INFO  o.f.t.SpringBootSecurityJwtApplication             - Started SpringBootSecurityJwtApplication in 5.578 seconds (JVM running for 6.193)
2023-12-24 21:32:01,981 [main] INFO  o.f.teach.SystemApplicationListener                - SystemInitStart
2023-12-24 21:32:02,065 [main] INFO  o.f.teach.SystemApplicationListener                - systemInitEnd
2023-12-24 21:32:23,890 [http-nio-9090-exec-1] INFO  o.a.c.c.C.[Tomcat].[localhost].[/]                 - Initializing Spring DispatcherServlet 'dispatcherServlet'
2023-12-24 21:32:23,890 [http-nio-9090-exec-1] INFO  o.s.web.servlet.DispatcherServlet                  - Initializing Servlet 'dispatcherServlet'
2023-12-24 21:32:23,891 [http-nio-9090-exec-1] INFO  o.s.web.servlet.DispatcherServlet                  - Completed initialization in 1 ms
2023-12-24 21:32:23,906 [http-nio-9090-exec-1] ERROR o.f.teach.security.jwt.AuthEntryPointJwt           - Unauthorized error: /api/post/getPersonInfo:Full authentication is required to access this resource
2023-12-24 21:32:23,916 [http-nio-9090-exec-1] INFO  o.f.teach.security.jwt.AuthTokenFilter             - /api/post/getPersonInfo,,2023-12-24 21:32:23,0.0
2023-12-24 21:32:24,300 [http-nio-9090-exec-2] INFO  o.f.teach.security.jwt.AuthTokenFilter             - /auth/getValidateCode,,2023-12-24 21:32:23,0.344
2023-12-24 21:39:45,683 [http-nio-9090-exec-3] ERROR o.fatmansoft.teach.security.jwt.JwtUtils           - JWT token is expired: JWT expired at 2023-12-24T18:28:21Z. Current time: 2023-12-24T21:39:45Z, a difference of 11484682 milliseconds.  Allowed clock skew: 0 milliseconds.
2023-12-24 21:39:45,683 [http-nio-9090-exec-3] ERROR o.f.teach.security.jwt.AuthEntryPointJwt           - Unauthorized error: /api/post/getPersonInfo:Full authentication is required to access this resource
2023-12-24 21:39:45,683 [http-nio-9090-exec-3] INFO  o.f.teach.security.jwt.AuthTokenFilter             - /api/post/getPersonInfo,,2023-12-24 21:39:45,0.03
2023-12-24 21:39:45,861 [http-nio-9090-exec-4] ERROR o.fatmansoft.teach.security.jwt.JwtUtils           - JWT token is expired: JWT expired at 2023-12-24T18:28:21Z. Current time: 2023-12-24T21:39:45Z, a difference of 11484861 milliseconds.  Allowed clock skew: 0 milliseconds.
2023-12-24 21:39:45,862 [http-nio-9090-exec-4] ERROR o.f.teach.security.jwt.AuthEntryPointJwt           - Unauthorized error: /api/statistics/getMainPageData:Full authentication is required to access this resource
2023-12-24 21:39:45,862 [http-nio-9090-exec-4] INFO  o.f.teach.security.jwt.AuthTokenFilter             - /api/statistics/getMainPageData,,2023-12-24 21:39:45,0.001
2023-12-24 21:39:52,646 [http-nio-9090-exec-5] ERROR o.fatmansoft.teach.security.jwt.JwtUtils           - JWT token is expired: JWT expired at 2023-12-24T18:28:21Z. Current time: 2023-12-24T21:39:52Z, a difference of 11491646 milliseconds.  Allowed clock skew: 0 milliseconds.
2023-12-24 21:39:52,647 [http-nio-9090-exec-5] ERROR o.f.teach.security.jwt.AuthEntryPointJwt           - Unauthorized error: /api/post/getPersonInfo:Full authentication is required to access this resource
2023-12-24 21:39:52,647 [http-nio-9090-exec-5] INFO  o.f.teach.security.jwt.AuthTokenFilter             - /api/post/getPersonInfo,,2023-12-24 21:39:52,0.002
2023-12-24 21:39:52,770 [http-nio-9090-exec-7] ERROR o.fatmansoft.teach.security.jwt.JwtUtils           - JWT token is expired: JWT expired at 2023-12-24T18:28:21Z. Current time: 2023-12-24T21:39:52Z, a difference of 11491770 milliseconds.  Allowed clock skew: 0 milliseconds.
2023-12-24 21:39:52,771 [http-nio-9090-exec-7] ERROR o.f.teach.security.jwt.AuthEntryPointJwt           - Unauthorized error: /api/statistics/getMainPageData:Full authentication is required to access this resource
2023-12-24 21:39:52,772 [http-nio-9090-exec-7] INFO  o.f.teach.security.jwt.AuthTokenFilter             - /api/statistics/getMainPageData,,2023-12-24 21:39:52,0.002
2023-12-24 21:40:06,330 [http-nio-9090-exec-6] ERROR o.f.teach.security.jwt.AuthEntryPointJwt           - Unauthorized error: /api/statistics/getMainPageData:Full authentication is required to access this resource
2023-12-24 21:40:06,330 [http-nio-9090-exec-6] INFO  o.f.teach.security.jwt.AuthTokenFilter             - /api/statistics/getMainPageData,,2023-12-24 21:40:06,0.0
2023-12-24 21:40:06,403 [http-nio-9090-exec-8] INFO  o.f.teach.security.jwt.AuthTokenFilter             - /auth/getValidateCode,,2023-12-24 21:40:06,0.005
2023-12-24 21:40:22,226 [http-nio-9090-exec-9] INFO  o.f.teach.security.jwt.AuthTokenFilter             - /auth/testValidateInfo,,2023-12-24 21:40:22,0.004
2023-12-24 21:40:22,722 [http-nio-9090-exec-10] INFO  o.f.teach.security.jwt.AuthTokenFilter             - /auth/login,,2023-12-24 21:40:22,0.18
2023-12-24 21:40:22,821 [http-nio-9090-exec-1] INFO  o.f.teach.security.jwt.AuthTokenFilter             - /api/base/getMenuList,202200300205,2023-12-24 21:40:22,0.018
2023-12-24 21:40:23,043 [http-nio-9090-exec-3] INFO  o.f.teach.security.jwt.AuthTokenFilter             - /api/base/getMenuList,202200300205,2023-12-24 21:40:23,0.01
2023-12-24 21:40:23,048 [http-nio-9090-exec-2] INFO  o.f.teach.security.jwt.AuthTokenFilter             - /auth/getValidateCode,202200300205,2023-12-24 21:40:23,0.01
2023-12-24 21:40:23,109 [http-nio-9090-exec-4] INFO  o.f.teach.security.jwt.AuthTokenFilter             - /api/statistics/getMainPageData,202200300205,2023-12-24 21:40:23,0.012
2023-12-24 21:40:24,968 [http-nio-9090-exec-5] INFO  o.f.teach.security.jwt.AuthTokenFilter             - /api/post/getAllPost,202200300205,2023-12-24 21:40:24,0.012
2023-12-24 21:40:25,037 [http-nio-9090-exec-7] INFO  o.f.teach.security.jwt.AuthTokenFilter             - /api/post/getPersonInfo,202200300205,2023-12-24 21:40:25,0.008
2023-12-24 21:40:25,135 [http-nio-9090-exec-6] INFO  o.f.teach.security.jwt.AuthTokenFilter             - /api/post/getFollowPost,202200300205,2023-12-24 21:40:25,0.006
2023-12-24 21:40:25,159 [http-nio-9090-exec-8] INFO  o.f.teach.security.jwt.AuthTokenFilter             - /api/comment/getCommentNum,202200300205,2023-12-24 21:40:25,0.006
2023-12-24 21:40:25,269 [http-nio-9090-exec-9] INFO  o.f.teach.security.jwt.AuthTokenFilter             - /api/post/getLikes,202200300205,2023-12-24 21:40:25,0.004
2023-12-24 21:40:25,362 [http-nio-9090-exec-10] INFO  o.f.teach.security.jwt.AuthTokenFilter             - /api/comment/getCommentNum,202200300205,2023-12-24 21:40:25,0.008
2023-12-24 21:40:25,384 [http-nio-9090-exec-1] INFO  o.f.teach.security.jwt.AuthTokenFilter             - /api/post/getLikes,202200300205,2023-12-24 21:40:25,0.004
2023-12-24 21:40:25,535 [http-nio-9090-exec-3] INFO  o.f.teach.security.jwt.AuthTokenFilter             - /api/comment/getCommentNum,202200300205,2023-12-24 21:40:25,0.0
2023-12-24 21:40:25,729 [http-nio-9090-exec-2] INFO  o.f.teach.security.jwt.AuthTokenFilter             - /api/post/getLikes,202200300205,2023-12-24 21:40:25,0.006
2023-12-24 21:40:25,791 [http-nio-9090-exec-5] INFO  o.f.teach.security.jwt.AuthTokenFilter             - /api/comment/getCommentNum,202200300205,2023-12-24 21:40:25,0.0
2023-12-24 21:40:25,796 [http-nio-9090-exec-4] INFO  o.f.teach.security.jwt.AuthTokenFilter             - /api/teacher/getTeacherIntroduceData,202200300205,2023-12-24 21:40:25,0.018
2023-12-24 21:40:25,808 [http-nio-9090-exec-7] INFO  o.f.teach.security.jwt.AuthTokenFilter             - /api/post/getLikes,202200300205,2023-12-24 21:40:25,0.006
2023-12-24 21:40:25,821 [http-nio-9090-exec-6] INFO  o.f.teach.security.jwt.AuthTokenFilter             - /api/base/getPhotoImageStr,202200300205,2023-12-24 21:40:25,0.019
2023-12-24 21:40:26,123 [http-nio-9090-exec-8] INFO  o.f.teach.security.jwt.AuthTokenFilter             - /api/comment/getCommentNum,202200300205,2023-12-24 21:40:26,0.005
2023-12-24 21:40:26,135 [http-nio-9090-exec-9] INFO  o.f.teach.security.jwt.AuthTokenFilter             - /api/post/getPersonInfo,202200300205,2023-12-24 21:40:26,0.006
2023-12-24 21:40:26,141 [http-nio-9090-exec-10] INFO  o.f.teach.security.jwt.AuthTokenFilter             - /api/post/getAvatar,202200300205,2023-12-24 21:40:26,0.012
2023-12-24 21:40:26,319 [http-nio-9090-exec-1] INFO  o.f.teach.security.jwt.AuthTokenFilter             - /api/post/getLikes,202200300205,2023-12-24 21:40:26,0.005
2023-12-24 21:40:26,447 [http-nio-9090-exec-3] INFO  o.f.teach.security.jwt.AuthTokenFilter             - /api/student/getStudentInfo,202200300205,2023-12-24 21:40:26,0.008
2023-12-24 21:40:26,464 [http-nio-9090-exec-2] INFO  o.f.teach.security.jwt.AuthTokenFilter             - /api/post/getAvatar,202200300205,2023-12-24 21:40:26,0.013
2023-12-24 21:40:26,468 [http-nio-9090-exec-5] INFO  o.f.teach.security.jwt.AuthTokenFilter             - /api/post/countPost,202200300205,2023-12-24 21:40:26,0.017
2023-12-24 21:40:26,468 [http-nio-9090-exec-4] INFO  o.f.teach.security.jwt.AuthTokenFilter             - /api/comment/getCommentNum,202200300205,2023-12-24 21:40:26,0.004
2023-12-24 21:40:26,632 [http-nio-9090-exec-6] INFO  o.f.teach.security.jwt.AuthTokenFilter             - /api/post/getPersonInfo,202200300205,2023-12-24 21:40:26,0.004
2023-12-24 21:40:26,635 [http-nio-9090-exec-7] INFO  o.f.teach.security.jwt.AuthTokenFilter             - /api/teacher/getTeacherInfo,202200300205,2023-12-24 21:40:26,0.007
2023-12-24 21:40:26,760 [http-nio-9090-exec-8] INFO  o.f.teach.security.jwt.AuthTokenFilter             - /api/post/getLikes,202200300205,2023-12-24 21:40:26,0.005
2023-12-24 21:40:26,808 [http-nio-9090-exec-9] INFO  o.f.teach.security.jwt.AuthTokenFilter             - /api/follow/getFansNum,202200300205,2023-12-24 21:40:26,0.0
2023-12-24 21:40:26,814 [http-nio-9090-exec-10] INFO  o.f.teach.security.jwt.AuthTokenFilter             - /api/comment/getCommentNum,202200300205,2023-12-24 21:40:26,0.005
2023-12-24 21:40:26,948 [http-nio-9090-exec-1] INFO  o.f.teach.security.jwt.AuthTokenFilter             - /api/post/getLikes,202200300205,2023-12-24 21:40:26,0.005
2023-12-24 21:40:27,074 [http-nio-9090-exec-3] INFO  o.f.teach.security.jwt.AuthTokenFilter             - /api/comment/getCommentNum,202200300205,2023-12-24 21:40:27,0.005
2023-12-24 21:40:27,148 [http-nio-9090-exec-2] INFO  o.f.teach.security.jwt.AuthTokenFilter             - /api/post/getLikes,202200300205,2023-12-24 21:40:27,0.006
2023-12-24 21:40:27,272 [http-nio-9090-exec-4] INFO  o.f.teach.security.jwt.AuthTokenFilter             - /api/comment/getCommentNum,202200300205,2023-12-24 21:40:27,0.004
2023-12-24 21:40:27,390 [http-nio-9090-exec-5] INFO  o.f.teach.security.jwt.AuthTokenFilter             - /api/post/getPersonInfo,202200300205,2023-12-24 21:40:27,0.006
2023-12-24 21:40:27,390 [http-nio-9090-exec-6] INFO  o.f.teach.security.jwt.AuthTokenFilter             - /api/post/getLikes,202200300205,2023-12-24 21:40:27,0.006
2023-12-24 21:40:27,456 [http-nio-9090-exec-7] INFO  o.f.teach.security.jwt.AuthTokenFilter             - /api/comment/getCommentNum,202200300205,2023-12-24 21:40:27,0.005
2023-12-24 21:40:27,467 [http-nio-9090-exec-8] INFO  o.f.teach.security.jwt.AuthTokenFilter             - /api/post/getLikes,202200300205,2023-12-24 21:40:27,0.005
2023-12-24 21:40:27,478 [http-nio-9090-exec-9] INFO  o.f.teach.security.jwt.AuthTokenFilter             - /api/comment/getCommentNum,202200300205,2023-12-24 21:40:27,0.009
2023-12-24 21:40:27,614 [http-nio-9090-exec-10] INFO  o.f.teach.security.jwt.AuthTokenFilter             - /api/post/getLikes,202200300205,2023-12-24 21:40:27,0.005
2023-12-24 21:40:27,718 [http-nio-9090-exec-1] INFO  o.f.teach.security.jwt.AuthTokenFilter             - /api/teacher/getTeacherIntroduceData,202200300205,2023-12-24 21:40:27,0.006
2023-12-24 21:40:27,789 [http-nio-9090-exec-3] INFO  o.f.teach.security.jwt.AuthTokenFilter             - /api/comment/getCommentNum,202200300205,2023-12-24 21:40:27,0.005
2023-12-24 21:40:27,941 [http-nio-9090-exec-2] INFO  o.f.teach.security.jwt.AuthTokenFilter             - /api/base/getPhotoImageStr,202200300205,2023-12-24 21:40:27,0.004
2023-12-24 21:40:27,983 [http-nio-9090-exec-4] INFO  o.f.teach.security.jwt.AuthTokenFilter             - /api/post/getLikes,202200300205,2023-12-24 21:40:27,0.004
2023-12-24 21:40:28,032 [http-nio-9090-exec-5] INFO  o.f.teach.security.jwt.AuthTokenFilter             - /api/post/getPersonInfo,202200300205,2023-12-24 21:40:28,0.006
2023-12-24 21:40:28,105 [http-nio-9090-exec-6] INFO  o.f.teach.security.jwt.AuthTokenFilter             - /api/post/getAvatar,202200300205,2023-12-24 21:40:28,0.0
2023-12-24 21:40:28,256 [http-nio-9090-exec-7] INFO  o.f.teach.security.jwt.AuthTokenFilter             - /api/student/getStudentInfo,202200300205,2023-12-24 21:40:28,0.006
2023-12-24 21:40:28,257 [http-nio-9090-exec-8] INFO  o.f.teach.security.jwt.AuthTokenFilter             - /api/post/getAvatar,202200300205,2023-12-24 21:40:28,0.007
2023-12-24 21:40:28,347 [http-nio-9090-exec-9] INFO  o.f.teach.security.jwt.AuthTokenFilter             - /api/post/countPost,202200300205,2023-12-24 21:40:28,0.006
2023-12-24 21:40:28,348 [http-nio-9090-exec-10] INFO  o.f.teach.security.jwt.AuthTokenFilter             - /api/teacher/getTeacherInfo,202200300205,2023-12-24 21:40:28,0.007
2023-12-24 21:40:28,360 [http-nio-9090-exec-1] INFO  o.f.teach.security.jwt.AuthTokenFilter             - /api/follow/getFansNum,202200300205,2023-12-24 21:40:28,0.006
2023-12-24 21:40:43,142 [http-nio-9090-exec-3] INFO  o.f.teach.security.jwt.AuthTokenFilter             - /api/teacher/saveTeacherIntroduce,202200300205,2023-12-24 21:40:43,0.022
2023-12-24 21:40:50,603 [http-nio-9090-exec-2] INFO  o.f.teach.security.jwt.AuthTokenFilter             - /api/post/getPersonInfo,202200300205,2023-12-24 21:40:50,0.004
2023-12-24 21:40:50,622 [http-nio-9090-exec-4] INFO  o.f.teach.security.jwt.AuthTokenFilter             - /api/post/getAvatar,202200300205,2023-12-24 21:40:50,0.006
2023-12-24 21:40:50,676 [http-nio-9090-exec-5] INFO  o.f.teach.security.jwt.AuthTokenFilter             - /api/teacher/getTeacherIntroduceData,202200300205,2023-12-24 21:40:50,0.01
2023-12-24 21:40:50,697 [http-nio-9090-exec-6] INFO  o.f.teach.security.jwt.AuthTokenFilter             - /api/base/getPhotoImageStr,202200300205,2023-12-24 21:40:50,0.005
2023-12-24 21:40:50,708 [http-nio-9090-exec-8] INFO  o.f.teach.security.jwt.AuthTokenFilter             - /api/post/getAvatar,202200300205,2023-12-24 21:40:50,0.004
2023-12-24 21:40:50,720 [http-nio-9090-exec-7] INFO  o.f.teach.security.jwt.AuthTokenFilter             - /api/post/getPersonInfo,202200300205,2023-12-24 21:40:50,0.016
2023-12-24 21:40:50,917 [http-nio-9090-exec-9] INFO  o.f.teach.security.jwt.AuthTokenFilter             - /api/student/getStudentInfo,202200300205,2023-12-24 21:40:50,0.0
2023-12-24 21:40:50,990 [http-nio-9090-exec-10] INFO  o.f.teach.security.jwt.AuthTokenFilter             - /api/post/getAvatar,202200300205,2023-12-24 21:40:50,0.0
2023-12-24 21:40:51,036 [http-nio-9090-exec-3] INFO  o.f.teach.security.jwt.AuthTokenFilter             - /api/teacher/getTeacherInfo,202200300205,2023-12-24 21:40:51,0.003
2023-12-24 21:40:51,044 [http-nio-9090-exec-1] INFO  o.f.teach.security.jwt.AuthTokenFilter             - /api/post/countPost,202200300205,2023-12-24 21:40:51,0.011
2023-12-24 21:40:51,046 [http-nio-9090-exec-2] INFO  o.f.teach.security.jwt.AuthTokenFilter             - /api/follow/getFansNum,202200300205,2023-12-24 21:40:51,0.004
2023-12-24 21:41:45,564 [http-nio-9090-exec-4] ERROR o.f.teach.security.jwt.AuthEntryPointJwt           - Unauthorized error: /api/post/getPersonInfo:Full authentication is required to access this resource
2023-12-24 21:41:45,565 [http-nio-9090-exec-4] INFO  o.f.teach.security.jwt.AuthTokenFilter             - /api/post/getPersonInfo,,2023-12-24 21:41:45,0.001
2023-12-24 21:41:45,700 [http-nio-9090-exec-5] INFO  o.f.teach.security.jwt.AuthTokenFilter             - /auth/getValidateCode,,2023-12-24 21:41:45,0.005
2023-12-24 21:42:20,811 [http-nio-9090-exec-6] INFO  o.f.teach.security.jwt.AuthTokenFilter             - /api/post/getPersonInfo,202200300205,2023-12-24 21:42:20,0.004
2023-12-24 21:42:20,901 [http-nio-9090-exec-8] INFO  o.f.teach.security.jwt.AuthTokenFilter             - /api/post/getAvatar,202200300205,2023-12-24 21:42:20,0.002
2023-12-24 21:42:21,294 [http-nio-9090-exec-7] INFO  o.f.teach.security.jwt.AuthTokenFilter             - /api/teacher/getTeacherIntroduceData,202200300205,2023-12-24 21:42:21,0.004
2023-12-24 21:42:21,305 [http-nio-9090-exec-9] INFO  o.f.teach.security.jwt.AuthTokenFilter             - /api/base/getPhotoImageStr,202200300205,2023-12-24 21:42:21,0.005
2023-12-24 21:42:21,316 [http-nio-9090-exec-3] INFO  o.f.teach.security.jwt.AuthTokenFilter             - /api/post/getAvatar,202200300205,2023-12-24 21:42:21,0.003
2023-12-24 21:42:21,316 [http-nio-9090-exec-10] INFO  o.f.teach.security.jwt.AuthTokenFilter             - /api/post/getPersonInfo,202200300205,2023-12-24 21:42:21,0.003
2023-12-24 21:42:21,329 [http-nio-9090-exec-2] INFO  o.f.teach.security.jwt.AuthTokenFilter             - /api/post/getAvatar,202200300205,2023-12-24 21:42:21,0.005
2023-12-24 21:42:21,340 [http-nio-9090-exec-1] INFO  o.f.teach.security.jwt.AuthTokenFilter             - /api/student/getStudentInfo,202200300205,2023-12-24 21:42:21,0.017
2023-12-24 21:42:21,635 [http-nio-9090-exec-4] INFO  o.f.teach.security.jwt.AuthTokenFilter             - /api/post/countPost,202200300205,2023-12-24 21:42:21,0.002
2023-12-24 21:42:21,654 [http-nio-9090-exec-5] INFO  o.f.teach.security.jwt.AuthTokenFilter             - /api/teacher/getTeacherInfo,202200300205,2023-12-24 21:42:21,0.003
2023-12-24 21:42:21,964 [http-nio-9090-exec-6] INFO  o.f.teach.security.jwt.AuthTokenFilter             - /api/follow/getFansNum,202200300205,2023-12-24 21:42:21,0.0
2023-12-24 21:42:25,101 [http-nio-9090-exec-8] INFO  o.f.teach.security.jwt.AuthTokenFilter             - /api/post/getPersonInfo,202200300205,2023-12-24 21:42:25,0.004
2023-12-24 21:42:25,137 [http-nio-9090-exec-7] INFO  o.f.teach.security.jwt.AuthTokenFilter             - /api/post/getAvatar,202200300205,2023-12-24 21:42:25,0.008
2023-12-24 21:42:25,237 [http-nio-9090-exec-9] INFO  o.f.teach.security.jwt.AuthTokenFilter             - /api/teacher/getTeacherIntroduceData,202200300205,2023-12-24 21:42:25,0.004
2023-12-24 21:42:25,249 [http-nio-9090-exec-3] INFO  o.f.teach.security.jwt.AuthTokenFilter             - /api/base/getPhotoImageStr,202200300205,2023-12-24 21:42:25,0.003
2023-12-24 21:42:25,260 [http-nio-9090-exec-2] INFO  o.f.teach.security.jwt.AuthTokenFilter             - /api/post/getAvatar,202200300205,2023-12-24 21:42:25,0.003
2023-12-24 21:42:25,260 [http-nio-9090-exec-10] INFO  o.f.teach.security.jwt.AuthTokenFilter             - /api/post/getPersonInfo,202200300205,2023-12-24 21:42:25,0.003
2023-12-24 21:42:25,412 [http-nio-9090-exec-1] INFO  o.f.teach.security.jwt.AuthTokenFilter             - /api/student/getStudentInfo,202200300205,2023-12-24 21:42:25,0.0
2023-12-24 21:42:25,443 [http-nio-9090-exec-4] INFO  o.f.teach.security.jwt.AuthTokenFilter             - /api/post/getAvatar,202200300205,2023-12-24 21:42:25,0.0
2023-12-24 21:42:25,583 [http-nio-9090-exec-5] INFO  o.f.teach.security.jwt.AuthTokenFilter             - /api/post/countPost,202200300205,2023-12-24 21:42:25,0.0
2023-12-24 21:42:25,597 [http-nio-9090-exec-6] INFO  o.f.teach.security.jwt.AuthTokenFilter             - /api/teacher/getTeacherInfo,202200300205,2023-12-24 21:42:25,0.014
2023-12-24 21:42:25,602 [http-nio-9090-exec-8] INFO  o.f.teach.security.jwt.AuthTokenFilter             - /api/follow/getFansNum,202200300205,2023-12-24 21:42:25,0.0
2023-12-24 21:44:16,642 [http-nio-9090-exec-7] INFO  o.f.teach.security.jwt.AuthTokenFilter             - /api/post/getPersonInfo,202200300205,2023-12-24 21:44:16,0.005
2023-12-24 21:44:16,721 [http-nio-9090-exec-9] INFO  o.f.teach.security.jwt.AuthTokenFilter             - /api/post/getAvatar,202200300205,2023-12-24 21:44:16,0.004
2023-12-24 21:44:16,823 [http-nio-9090-exec-3] INFO  o.f.teach.security.jwt.AuthTokenFilter             - /api/teacher/getTeacherIntroduceData,202200300205,2023-12-24 21:44:16,0.005
2023-12-24 21:44:16,836 [http-nio-9090-exec-10] INFO  o.f.teach.security.jwt.AuthTokenFilter             - /api/base/getPhotoImageStr,202200300205,2023-12-24 21:44:16,0.006
2023-12-24 21:44:16,848 [http-nio-9090-exec-1] INFO  o.f.teach.security.jwt.AuthTokenFilter             - /api/post/getAvatar,202200300205,2023-12-24 21:44:16,0.004
2023-12-24 21:44:16,852 [http-nio-9090-exec-2] INFO  o.f.teach.security.jwt.AuthTokenFilter             - /api/post/getPersonInfo,202200300205,2023-12-24 21:44:16,0.008
2023-12-24 21:44:17,168 [http-nio-9090-exec-4] INFO  o.f.teach.security.jwt.AuthTokenFilter             - /api/student/getStudentInfo,202200300205,2023-12-24 21:44:17,0.004
2023-12-24 21:44:17,168 [http-nio-9090-exec-5] INFO  o.f.teach.security.jwt.AuthTokenFilter             - /api/post/getAvatar,202200300205,2023-12-24 21:44:17,0.004
2023-12-24 21:44:17,170 [http-nio-9090-exec-6] INFO  o.f.teach.security.jwt.AuthTokenFilter             - /api/post/countPost,202200300205,2023-12-24 21:44:17,0.006
2023-12-24 21:44:17,255 [http-nio-9090-exec-8] INFO  o.f.teach.security.jwt.AuthTokenFilter             - /api/teacher/getTeacherInfo,202200300205,2023-12-24 21:44:17,0.005
2023-12-24 21:44:17,327 [http-nio-9090-exec-7] INFO  o.f.teach.security.jwt.AuthTokenFilter             - /api/follow/getFansNum,202200300205,2023-12-24 21:44:17,0.0
2023-12-24 21:45:26,437 [http-nio-9090-exec-9] INFO  o.f.teach.security.jwt.AuthTokenFilter             - /api/teacher/getTeacherIntroduceData,202200300205,2023-12-24 21:45:26,0.004
2023-12-24 21:45:26,617 [http-nio-9090-exec-3] INFO  o.f.teach.security.jwt.AuthTokenFilter             - /api/base/getPhotoImageStr,202200300205,2023-12-24 21:45:26,0.004
2023-12-24 21:45:26,748 [http-nio-9090-exec-10] INFO  o.f.teach.security.jwt.AuthTokenFilter             - /api/post/getPersonInfo,202200300205,2023-12-24 21:45:26,0.003
2023-12-24 21:45:26,931 [http-nio-9090-exec-2] INFO  o.f.teach.security.jwt.AuthTokenFilter             - /api/student/getStudentInfo,202200300205,2023-12-24 21:45:26,0.005
2023-12-24 21:45:26,931 [http-nio-9090-exec-1] INFO  o.f.teach.security.jwt.AuthTokenFilter             - /api/post/getAvatar,202200300205,2023-12-24 21:45:26,0.005
2023-12-24 21:45:27,065 [http-nio-9090-exec-6] INFO  o.f.teach.security.jwt.AuthTokenFilter             - /api/teacher/getTeacherInfo,202200300205,2023-12-24 21:45:27,0.006
2023-12-24 21:45:27,065 [http-nio-9090-exec-4] INFO  o.f.teach.security.jwt.AuthTokenFilter             - /api/post/getAvatar,202200300205,2023-12-24 21:45:27,0.006
2023-12-24 21:45:27,065 [http-nio-9090-exec-5] INFO  o.f.teach.security.jwt.AuthTokenFilter             - /api/post/countPost,202200300205,2023-12-24 21:45:27,0.007
2023-12-24 21:45:27,247 [http-nio-9090-exec-8] INFO  o.f.teach.security.jwt.AuthTokenFilter             - /api/follow/getFansNum,202200300205,2023-12-24 21:45:27,0.006
2023-12-24 21:45:29,372 [http-nio-9090-exec-7] INFO  o.f.teach.security.jwt.AuthTokenFilter             - /api/post/getPersonInfo,202200300205,2023-12-24 21:45:29,0.005
2023-12-24 21:45:29,454 [http-nio-9090-exec-9] INFO  o.f.teach.security.jwt.AuthTokenFilter             - /api/post/getAvatar,202200300205,2023-12-24 21:45:29,0.001
2023-12-24 21:45:29,569 [http-nio-9090-exec-3] INFO  o.f.teach.security.jwt.AuthTokenFilter             - /api/teacher/getTeacherIntroduceData,202200300205,2023-12-24 21:45:29,0.004
2023-12-24 21:45:29,583 [http-nio-9090-exec-10] INFO  o.f.teach.security.jwt.AuthTokenFilter             - /api/base/getPhotoImageStr,202200300205,2023-12-24 21:45:29,0.006
2023-12-24 21:45:29,595 [http-nio-9090-exec-2] INFO  o.f.teach.security.jwt.AuthTokenFilter             - /api/post/getPersonInfo,202200300205,2023-12-24 21:45:29,0.004
2023-12-24 21:45:29,596 [http-nio-9090-exec-1] INFO  o.f.teach.security.jwt.AuthTokenFilter             - /api/post/getAvatar,202200300205,2023-12-24 21:45:29,0.005
2023-12-24 21:45:29,913 [http-nio-9090-exec-4] INFO  o.f.teach.security.jwt.AuthTokenFilter             - /api/student/getStudentInfo,202200300205,2023-12-24 21:45:29,0.004
2023-12-24 21:45:29,921 [http-nio-9090-exec-6] INFO  o.f.teach.security.jwt.AuthTokenFilter             - /api/post/getAvatar,202200300205,2023-12-24 21:45:29,0.012
2023-12-24 21:45:29,935 [http-nio-9090-exec-5] INFO  o.f.teach.security.jwt.AuthTokenFilter             - /api/post/countPost,202200300205,2023-12-24 21:45:29,0.026
2023-12-24 21:45:29,989 [http-nio-9090-exec-8] INFO  o.f.teach.security.jwt.AuthTokenFilter             - /api/teacher/getTeacherInfo,202200300205,2023-12-24 21:45:29,0.005
2023-12-24 21:45:30,049 [http-nio-9090-exec-7] INFO  o.f.teach.security.jwt.AuthTokenFilter             - /api/follow/getFansNum,202200300205,2023-12-24 21:45:30,0.004
2023-12-24 21:46:33,982 [http-nio-9090-exec-9] INFO  o.f.teach.security.jwt.AuthTokenFilter             - /api/teacher/getTeacherIntroduceData,202200300205,2023-12-24 21:46:33,0.0
2023-12-24 21:46:34,144 [http-nio-9090-exec-3] INFO  o.f.teach.security.jwt.AuthTokenFilter             - /api/base/getPhotoImageStr,202200300205,2023-12-24 21:46:34,0.0
2023-12-24 21:46:34,298 [http-nio-9090-exec-10] INFO  o.f.teach.security.jwt.AuthTokenFilter             - /api/post/getPersonInfo,202200300205,2023-12-24 21:46:34,0.0
2023-12-24 21:46:34,463 [http-nio-9090-exec-1] INFO  o.f.teach.security.jwt.AuthTokenFilter             - /api/student/getStudentInfo,202200300205,2023-12-24 21:46:34,0.0
2023-12-24 21:46:34,473 [http-nio-9090-exec-2] INFO  o.f.teach.security.jwt.AuthTokenFilter             - /api/post/getAvatar,202200300205,2023-12-24 21:46:34,0.01
2023-12-24 21:46:34,619 [http-nio-9090-exec-6] INFO  o.f.teach.security.jwt.AuthTokenFilter             - /api/post/countPost,202200300205,2023-12-24 21:46:34,0.0
2023-12-24 21:46:34,619 [http-nio-9090-exec-4] INFO  o.f.teach.security.jwt.AuthTokenFilter             - /api/post/getAvatar,202200300205,2023-12-24 21:46:34,0.0
2023-12-24 21:46:34,619 [http-nio-9090-exec-5] INFO  o.f.teach.security.jwt.AuthTokenFilter             - /api/teacher/getTeacherInfo,202200300205,2023-12-24 21:46:34,0.0
2023-12-24 21:46:34,775 [http-nio-9090-exec-8] INFO  o.f.teach.security.jwt.AuthTokenFilter             - /api/follow/getFansNum,202200300205,2023-12-24 21:46:34,0.0
2023-12-24 21:46:47,318 [http-nio-9090-exec-7] INFO  o.f.teach.security.jwt.AuthTokenFilter             - /api/post/getPersonInfo,202200300205,2023-12-24 21:46:47,0.005
2023-12-24 21:46:47,380 [http-nio-9090-exec-9] INFO  o.f.teach.security.jwt.AuthTokenFilter             - /api/post/getAvatar,202200300205,2023-12-24 21:46:47,0.0
2023-12-24 21:46:47,480 [http-nio-9090-exec-3] INFO  o.f.teach.security.jwt.AuthTokenFilter             - /api/teacher/getTeacherIntroduceData,202200300205,2023-12-24 21:46:47,0.004
2023-12-24 21:46:47,497 [http-nio-9090-exec-10] INFO  o.f.teach.security.jwt.AuthTokenFilter             - /api/base/getPhotoImageStr,202200300205,2023-12-24 21:46:47,0.006
2023-12-24 21:46:47,509 [http-nio-9090-exec-2] INFO  o.f.teach.security.jwt.AuthTokenFilter             - /api/post/getAvatar,202200300205,2023-12-24 21:46:47,0.003
2023-12-24 21:46:47,514 [http-nio-9090-exec-1] INFO  o.f.teach.security.jwt.AuthTokenFilter             - /api/post/getPersonInfo,202200300205,2023-12-24 21:46:47,0.008
2023-12-24 21:46:47,839 [http-nio-9090-exec-6] INFO  o.f.teach.security.jwt.AuthTokenFilter             - /api/student/getStudentInfo,202200300205,2023-12-24 21:46:47,0.006
2023-12-24 21:46:47,848 [http-nio-9090-exec-4] INFO  o.f.teach.security.jwt.AuthTokenFilter             - /api/post/getAvatar,202200300205,2023-12-24 21:46:47,0.015
2023-12-24 21:46:47,864 [http-nio-9090-exec-5] INFO  o.f.teach.security.jwt.AuthTokenFilter             - /api/post/countPost,202200300205,2023-12-24 21:46:47,0.03
2023-12-24 21:46:47,883 [http-nio-9090-exec-8] INFO  o.f.teach.security.jwt.AuthTokenFilter             - /api/teacher/getTeacherInfo,202200300205,2023-12-24 21:46:47,0.004
2023-12-24 21:46:47,919 [http-nio-9090-exec-7] INFO  o.f.teach.security.jwt.AuthTokenFilter             - /api/follow/getFansNum,202200300205,2023-12-24 21:46:47,0.004
2023-12-24 21:49:43,810 [http-nio-9090-exec-9] INFO  o.f.teach.security.jwt.AuthTokenFilter             - /api/post/getPersonInfo,202200300205,2023-12-24 21:49:43,0.003
2023-12-24 21:49:43,837 [http-nio-9090-exec-3] INFO  o.f.teach.security.jwt.AuthTokenFilter             - /api/post/getAvatar,202200300205,2023-12-24 21:49:43,0.003
2023-12-24 21:49:43,909 [http-nio-9090-exec-10] INFO  o.f.teach.security.jwt.AuthTokenFilter             - /api/teacher/getTeacherIntroduceData,202200300205,2023-12-24 21:49:43,0.004
2023-12-24 21:49:43,926 [http-nio-9090-exec-2] INFO  o.f.teach.security.jwt.AuthTokenFilter             - /api/base/getPhotoImageStr,202200300205,2023-12-24 21:49:43,0.008
2023-12-24 21:49:43,940 [http-nio-9090-exec-6] INFO  o.f.teach.security.jwt.AuthTokenFilter             - /api/post/getAvatar,202200300205,2023-12-24 21:49:43,0.003
2023-12-24 21:49:43,940 [http-nio-9090-exec-1] INFO  o.f.teach.security.jwt.AuthTokenFilter             - /api/post/getPersonInfo,202200300205,2023-12-24 21:49:43,0.003
2023-12-24 21:49:44,256 [http-nio-9090-exec-5] INFO  o.f.teach.security.jwt.AuthTokenFilter             - /api/post/getAvatar,202200300205,2023-12-24 21:49:44,0.004
2023-12-24 21:49:44,256 [http-nio-9090-exec-8] INFO  o.f.teach.security.jwt.AuthTokenFilter             - /api/post/countPost,202200300205,2023-12-24 21:49:44,0.004
2023-12-24 21:49:44,256 [http-nio-9090-exec-4] INFO  o.f.teach.security.jwt.AuthTokenFilter             - /api/student/getStudentInfo,202200300205,2023-12-24 21:49:44,0.004
2023-12-24 21:49:44,287 [http-nio-9090-exec-7] INFO  o.f.teach.security.jwt.AuthTokenFilter             - /api/teacher/getTeacherInfo,202200300205,2023-12-24 21:49:44,0.0
2023-12-24 21:49:44,329 [http-nio-9090-exec-9] INFO  o.f.teach.security.jwt.AuthTokenFilter             - /api/follow/getFansNum,202200300205,2023-12-24 21:49:44,0.004
2023-12-24 21:50:29,428 [http-nio-9090-exec-3] INFO  o.f.teach.security.jwt.AuthTokenFilter             - /api/post/getPersonInfo,202200300205,2023-12-24 21:50:29,0.007
2023-12-24 21:50:29,453 [http-nio-9090-exec-10] INFO  o.f.teach.security.jwt.AuthTokenFilter             - /api/post/getAvatar,202200300205,2023-12-24 21:50:29,0.004
2023-12-24 21:50:29,527 [http-nio-9090-exec-2] INFO  o.f.teach.security.jwt.AuthTokenFilter             - /api/teacher/getTeacherIntroduceData,202200300205,2023-12-24 21:50:29,0.004
2023-12-24 21:50:29,540 [http-nio-9090-exec-1] INFO  o.f.teach.security.jwt.AuthTokenFilter             - /api/base/getPhotoImageStr,202200300205,2023-12-24 21:50:29,0.005
2023-12-24 21:50:29,550 [http-nio-9090-exec-6] INFO  o.f.teach.security.jwt.AuthTokenFilter             - /api/post/getPersonInfo,202200300205,2023-12-24 21:50:29,0.002
2023-12-24 21:50:29,563 [http-nio-9090-exec-4] INFO  o.f.teach.security.jwt.AuthTokenFilter             - /api/post/getAvatar,202200300205,2023-12-24 21:50:29,0.015
2023-12-24 21:50:29,865 [http-nio-9090-exec-8] INFO  o.f.teach.security.jwt.AuthTokenFilter             - /api/post/getAvatar,202200300205,2023-12-24 21:50:29,0.0
2023-12-24 21:50:29,865 [http-nio-9090-exec-5] INFO  o.f.teach.security.jwt.AuthTokenFilter             - /api/student/getStudentInfo,202200300205,2023-12-24 21:50:29,0.0
2023-12-24 21:50:29,875 [http-nio-9090-exec-7] INFO  o.f.teach.security.jwt.AuthTokenFilter             - /api/post/countPost,202200300205,2023-12-24 21:50:29,0.007
2023-12-24 21:50:29,913 [http-nio-9090-exec-9] INFO  o.f.teach.security.jwt.AuthTokenFilter             - /api/teacher/getTeacherInfo,202200300205,2023-12-24 21:50:29,0.002
2023-12-24 21:50:29,940 [http-nio-9090-exec-3] INFO  o.f.teach.security.jwt.AuthTokenFilter             - /api/follow/getFansNum,202200300205,2023-12-24 21:50:29,0.002
2023-12-24 21:50:50,856 [http-nio-9090-exec-10] INFO  o.f.teach.security.jwt.AuthTokenFilter             - /api/post/getPersonInfo,202200300205,2023-12-24 21:50:50,0.008
2023-12-24 21:50:50,948 [http-nio-9090-exec-2] INFO  o.f.teach.security.jwt.AuthTokenFilter             - /api/post/getAvatar,202200300205,2023-12-24 21:50:50,0.003
2023-12-24 21:50:51,568 [http-nio-9090-exec-1] INFO  o.f.teach.security.jwt.AuthTokenFilter             - /api/student/getStudentIntroduceData,202200300205,2023-12-24 21:50:51,0.01
2023-12-24 21:50:59,435 [http-nio-9090-exec-6] ERROR o.f.teach.security.jwt.AuthEntryPointJwt           - Unauthorized error: /api/student/getStudentIntroduceData:Full authentication is required to access this resource
2023-12-24 21:50:59,435 [http-nio-9090-exec-6] INFO  o.f.teach.security.jwt.AuthTokenFilter             - /api/student/getStudentIntroduceData,,2023-12-24 21:50:59,0.0
2023-12-24 21:50:59,514 [http-nio-9090-exec-4] INFO  o.f.teach.security.jwt.AuthTokenFilter             - /auth/getValidateCode,,2023-12-24 21:50:59,0.004
2023-12-24 21:51:04,116 [http-nio-9090-exec-8] INFO  o.f.teach.security.jwt.AuthTokenFilter             - /auth/testValidateInfo,,2023-12-24 21:51:04,0.001
2023-12-24 21:51:04,176 [http-nio-9090-exec-5] INFO  o.f.teach.security.jwt.AuthTokenFilter             - /auth/login,,2023-12-24 21:51:04,0.051
2023-12-24 21:51:04,513 [http-nio-9090-exec-9] INFO  o.f.teach.security.jwt.AuthTokenFilter             - /auth/getValidateCode,202200300201,2023-12-24 21:51:04,0.007
2023-12-24 21:51:04,523 [http-nio-9090-exec-7] INFO  o.f.teach.security.jwt.AuthTokenFilter             - /api/base/getMenuList,202200300201,2023-12-24 21:51:04,0.017
2023-12-24 21:51:04,528 [http-nio-9090-exec-3] INFO  o.f.teach.security.jwt.AuthTokenFilter             - /api/base/getMenuList,202200300201,2023-12-24 21:51:04,0.015
2023-12-24 21:51:04,885 [http-nio-9090-exec-10] INFO  o.f.teach.security.jwt.AuthTokenFilter             - /api/statistics/getMainPageData,202200300201,2023-12-24 21:51:04,0.003
2023-12-24 21:51:05,985 [http-nio-9090-exec-2] INFO  o.f.teach.security.jwt.AuthTokenFilter             - /api/student/getStudentIntroduceData,202200300201,2023-12-24 21:51:05,0.012
2023-12-24 21:51:06,001 [http-nio-9090-exec-1] INFO  o.f.teach.security.jwt.AuthTokenFilter             - /api/base/getPhotoImageStr,202200300201,2023-12-24 21:51:05,0.009
2023-12-24 21:51:06,028 [http-nio-9090-exec-6] INFO  o.f.teach.security.jwt.AuthTokenFilter             - /api/post/getPersonInfo,202200300201,2023-12-24 21:51:06,0.002
2023-12-24 21:51:06,338 [http-nio-9090-exec-4] INFO  o.f.teach.security.jwt.AuthTokenFilter             - /api/post/getAvatar,202200300201,2023-12-24 21:51:06,0.002
2023-12-24 21:51:06,338 [http-nio-9090-exec-8] INFO  o.f.teach.security.jwt.AuthTokenFilter             - /api/studentComment/getCommentList,202200300201,2023-12-24 21:51:06,0.002
2023-12-24 21:51:06,345 [http-nio-9090-exec-5] INFO  o.f.teach.security.jwt.AuthTokenFilter             - /api/studentComment/getAverageValue,202200300201,2023-12-24 21:51:06,0.009
2023-12-24 21:51:06,347 [http-nio-9090-exec-7] INFO  o.f.teach.security.jwt.AuthTokenFilter             - /api/post/getAvatar,202200300201,2023-12-24 21:51:06,0.003
2023-12-24 21:51:06,347 [http-nio-9090-exec-3] INFO  o.f.teach.security.jwt.AuthTokenFilter             - /api/post/countPost,202200300201,2023-12-24 21:51:06,0.002
2023-12-24 21:51:06,350 [http-nio-9090-exec-9] INFO  o.f.teach.security.jwt.AuthTokenFilter             - /api/student/getStudentInfo,202200300201,2023-12-24 21:51:06,0.006
2023-12-24 21:51:06,660 [http-nio-9090-exec-10] INFO  o.f.teach.security.jwt.AuthTokenFilter             - /api/follow/getFansNum,202200300201,2023-12-24 21:51:06,0.0
2023-12-24 21:51:21,800 [http-nio-9090-exec-2] INFO  o.f.teach.security.jwt.AuthTokenFilter             - /api/post/getPersonInfo,202200300201,2023-12-24 21:51:21,0.002
2023-12-24 21:51:21,837 [http-nio-9090-exec-1] INFO  o.f.teach.security.jwt.AuthTokenFilter             - /api/post/getAvatar,202200300201,2023-12-24 21:51:21,0.004
2023-12-24 21:51:21,950 [http-nio-9090-exec-6] INFO  o.f.teach.security.jwt.AuthTokenFilter             - /api/student/getStudentIntroduceData,202200300201,2023-12-24 21:51:21,0.004
2023-12-24 21:51:21,968 [http-nio-9090-exec-4] INFO  o.f.teach.security.jwt.AuthTokenFilter             - /api/base/getPhotoImageStr,202200300201,2023-12-24 21:51:21,0.005
2023-12-24 21:51:22,123 [http-nio-9090-exec-8] INFO  o.f.teach.security.jwt.AuthTokenFilter             - /api/post/getPersonInfo,202200300201,2023-12-24 21:51:22,0.004
2023-12-24 21:51:22,131 [http-nio-9090-exec-5] INFO  o.f.teach.security.jwt.AuthTokenFilter             - /api/post/getAvatar,202200300201,2023-12-24 21:51:22,0.012
2023-12-24 21:51:22,311 [http-nio-9090-exec-7] INFO  o.f.teach.security.jwt.AuthTokenFilter             - /api/studentComment/getCommentList,202200300201,2023-12-24 21:51:22,0.002
2023-12-24 21:51:22,311 [http-nio-9090-exec-10] INFO  o.f.teach.security.jwt.AuthTokenFilter             - /api/post/getAvatar,202200300201,2023-12-24 21:51:22,0.002
2023-12-24 21:51:22,311 [http-nio-9090-exec-9] INFO  o.f.teach.security.jwt.AuthTokenFilter             - /api/student/getStudentInfo,202200300201,2023-12-24 21:51:22,0.002
2023-12-24 21:51:22,311 [http-nio-9090-exec-3] INFO  o.f.teach.security.jwt.AuthTokenFilter             - /api/studentComment/getAverageValue,202200300201,2023-12-24 21:51:22,0.002
2023-12-24 21:51:22,475 [http-nio-9090-exec-1] INFO  o.f.teach.security.jwt.AuthTokenFilter             - /api/follow/getFansNum,202200300201,2023-12-24 21:51:22,0.002
2023-12-24 21:51:22,485 [http-nio-9090-exec-2] INFO  o.f.teach.security.jwt.AuthTokenFilter             - /api/post/countPost,202200300201,2023-12-24 21:51:22,0.012
2023-12-24 21:51:26,477 [http-nio-9090-exec-6] INFO  o.f.teach.security.jwt.AuthTokenFilter             - /api/post/getPersonInfo,202200300201,2023-12-24 21:51:26,0.005
2023-12-24 21:51:26,509 [http-nio-9090-exec-4] INFO  o.f.teach.security.jwt.AuthTokenFilter             - /api/post/getAvatar,202200300201,2023-12-24 21:51:26,0.005
2023-12-24 21:51:26,651 [http-nio-9090-exec-8] INFO  o.f.teach.security.jwt.AuthTokenFilter             - /api/student/getStudentIntroduceData,202200300201,2023-12-24 21:51:26,0.007
2023-12-24 21:51:26,782 [http-nio-9090-exec-5] INFO  o.f.teach.security.jwt.AuthTokenFilter             - /api/base/getPhotoImageStr,202200300201,2023-12-24 21:51:26,0.007
2023-12-24 21:51:26,859 [http-nio-9090-exec-9] INFO  o.f.teach.security.jwt.AuthTokenFilter             - /api/post/getAvatar,202200300201,2023-12-24 21:51:26,0.003
2023-12-24 21:51:26,863 [http-nio-9090-exec-7] INFO  o.f.teach.security.jwt.AuthTokenFilter             - /api/post/getPersonInfo,202200300201,2023-12-24 21:51:26,0.007
2023-12-24 21:51:26,974 [http-nio-9090-exec-10] INFO  o.f.teach.security.jwt.AuthTokenFilter             - /api/studentComment/getCommentList,202200300201,2023-12-24 21:51:26,0.003
2023-12-24 21:51:27,163 [http-nio-9090-exec-1] INFO  o.f.teach.security.jwt.AuthTokenFilter             - /api/student/getStudentInfo,202200300201,2023-12-24 21:51:27,0.005
2023-12-24 21:51:27,164 [http-nio-9090-exec-3] INFO  o.f.teach.security.jwt.AuthTokenFilter             - /api/studentComment/getAverageValue,202200300201,2023-12-24 21:51:27,0.006
2023-12-24 21:51:27,193 [http-nio-9090-exec-2] INFO  o.f.teach.security.jwt.AuthTokenFilter             - /api/post/getAvatar,202200300201,2023-12-24 21:51:27,0.0
2023-12-24 21:51:27,193 [http-nio-9090-exec-4] INFO  o.f.teach.security.jwt.AuthTokenFilter             - /api/follow/getFansNum,202200300201,2023-12-24 21:51:27,0.006
2023-12-24 21:51:27,200 [http-nio-9090-exec-6] INFO  o.f.teach.security.jwt.AuthTokenFilter             - /api/post/countPost,202200300201,2023-12-24 21:51:27,0.013
2023-12-24 21:51:29,824 [http-nio-9090-exec-8] INFO  o.f.teach.security.jwt.AuthTokenFilter             - /api/student/getClassmates,202200300201,2023-12-24 21:51:29,0.004
2023-12-24 21:51:30,976 [http-nio-9090-exec-5] INFO  o.f.teach.security.jwt.AuthTokenFilter             - /api/post/getPersonInfo,202200300201,2023-12-24 21:51:30,0.002
2023-12-24 21:51:32,667 [http-nio-9090-exec-9] INFO  o.f.teach.security.jwt.AuthTokenFilter             - /api/student/getStudentIntroduceData,202200300201,2023-12-24 21:51:32,0.003
2023-12-24 21:51:32,676 [http-nio-9090-exec-7] INFO  o.f.teach.security.jwt.AuthTokenFilter             - /api/base/getPhotoImageStr,202200300201,2023-12-24 21:51:32,0.003
2023-12-24 21:51:32,700 [http-nio-9090-exec-10] INFO  o.f.teach.security.jwt.AuthTokenFilter             - /api/post/getPersonInfo,202200300201,2023-12-24 21:51:32,0.003
2023-12-24 21:51:32,708 [http-nio-9090-exec-1] INFO  o.f.teach.security.jwt.AuthTokenFilter             - /api/post/getAvatar,202200300201,2023-12-24 21:51:32,0.01
2023-12-24 21:51:33,006 [http-nio-9090-exec-2] INFO  o.f.teach.security.jwt.AuthTokenFilter             - /api/studentComment/getAverageValue,202200300201,2023-12-24 21:51:33,0.0
2023-12-24 21:51:33,012 [http-nio-9090-exec-4] INFO  o.f.teach.security.jwt.AuthTokenFilter             - /api/student/getStudentInfo,202200300201,2023-12-24 21:51:33,0.0
2023-12-24 21:51:33,012 [http-nio-9090-exec-8] INFO  o.f.teach.security.jwt.AuthTokenFilter             - /api/post/countPost,202200300201,2023-12-24 21:51:33,0.0
2023-12-24 21:51:33,012 [http-nio-9090-exec-6] INFO  o.f.teach.security.jwt.AuthTokenFilter             - /api/post/getAvatar,202200300201,2023-12-24 21:51:33,0.0
2023-12-24 21:51:33,020 [http-nio-9090-exec-3] INFO  o.f.teach.security.jwt.AuthTokenFilter             - /api/studentComment/getCommentList,202200300201,2023-12-24 21:51:33,0.014
2023-12-24 21:51:33,327 [http-nio-9090-exec-5] INFO  o.f.teach.security.jwt.AuthTokenFilter             - /api/follow/getFansNum,202200300201,2023-12-24 21:51:33,0.0
2023-12-24 21:51:33,630 [http-nio-9090-exec-9] INFO  o.f.teach.security.jwt.AuthTokenFilter             - /api/statistics/getMainPageData,202200300201,2023-12-24 21:51:33,0.003
2023-12-24 21:51:36,915 [http-nio-9090-exec-7] INFO  o.f.teach.security.jwt.AuthTokenFilter             - /api/student/getStudentIntroduceData,202200300201,2023-12-24 21:51:36,0.006
2023-12-24 21:51:36,940 [http-nio-9090-exec-10] INFO  o.f.teach.security.jwt.AuthTokenFilter             - /api/base/getPhotoImageStr,202200300201,2023-12-24 21:51:36,0.002
2023-12-24 21:51:36,964 [http-nio-9090-exec-1] INFO  o.f.teach.security.jwt.AuthTokenFilter             - /api/post/getPersonInfo,202200300201,2023-12-24 21:51:36,0.003
2023-12-24 21:51:37,269 [http-nio-9090-exec-2] INFO  o.f.teach.security.jwt.AuthTokenFilter             - /api/post/getAvatar,202200300201,2023-12-24 21:51:37,0.0
2023-12-24 21:51:37,269 [http-nio-9090-exec-4] INFO  o.f.teach.security.jwt.AuthTokenFilter             - /api/studentComment/getCommentList,202200300201,2023-12-24 21:51:37,0.0
2023-12-24 21:51:37,272 [http-nio-9090-exec-8] INFO  o.f.teach.security.jwt.AuthTokenFilter             - /api/studentComment/getAverageValue,202200300201,2023-12-24 21:51:37,0.003
2023-12-24 21:51:37,280 [http-nio-9090-exec-6] INFO  o.f.teach.security.jwt.AuthTokenFilter             - /api/student/getStudentInfo,202200300201,2023-12-24 21:51:37,0.0
2023-12-24 21:51:37,280 [http-nio-9090-exec-5] INFO  o.f.teach.security.jwt.AuthTokenFilter             - /api/post/countPost,202200300201,2023-12-24 21:51:37,0.0
2023-12-24 21:51:37,280 [http-nio-9090-exec-3] INFO  o.f.teach.security.jwt.AuthTokenFilter             - /api/post/getAvatar,202200300201,2023-12-24 21:51:37,0.0
2023-12-24 21:51:37,593 [http-nio-9090-exec-9] INFO  o.f.teach.security.jwt.AuthTokenFilter             - /api/follow/getFansNum,202200300201,2023-12-24 21:51:37,0.0
2023-12-24 21:53:04,987 [http-nio-9090-exec-7] ERROR o.f.teach.security.jwt.AuthEntryPointJwt           - Unauthorized error: /api/student/getStudentIntroduceData:Full authentication is required to access this resource
2023-12-24 21:53:04,987 [http-nio-9090-exec-7] INFO  o.f.teach.security.jwt.AuthTokenFilter             - /api/student/getStudentIntroduceData,,2023-12-24 21:53:04,0.0
2023-12-24 21:53:05,103 [http-nio-9090-exec-10] INFO  o.f.teach.security.jwt.AuthTokenFilter             - /auth/getValidateCode,,2023-12-24 21:53:05,0.003
2023-12-24 21:53:10,540 [http-nio-9090-exec-1] INFO  o.f.teach.security.jwt.AuthTokenFilter             - /auth/testValidateInfo,,2023-12-24 21:53:10,0.0
2023-12-24 21:53:10,919 [http-nio-9090-exec-2] INFO  o.f.teach.security.jwt.AuthTokenFilter             - /auth/login,,2023-12-24 21:53:10,0.06
2023-12-24 21:53:11,121 [http-nio-9090-exec-4] INFO  o.f.teach.security.jwt.AuthTokenFilter             - /api/base/getMenuList,202200300205,2023-12-24 21:53:11,0.0
2023-12-24 21:53:11,247 [http-nio-9090-exec-6] INFO  o.f.teach.security.jwt.AuthTokenFilter             - /api/base/getMenuList,202200300205,2023-12-24 21:53:11,0.003
2023-12-24 21:53:11,253 [http-nio-9090-exec-8] INFO  o.f.teach.security.jwt.AuthTokenFilter             - /auth/getValidateCode,202200300205,2023-12-24 21:53:11,0.009
2023-12-24 21:53:11,308 [http-nio-9090-exec-5] INFO  o.f.teach.security.jwt.AuthTokenFilter             - /api/statistics/getMainPageData,202200300205,2023-12-24 21:53:11,0.003
2023-12-24 21:53:13,068 [http-nio-9090-exec-3] INFO  o.f.teach.security.jwt.AuthTokenFilter             - /api/teacher/getTeacherIntroduceData,202200300205,2023-12-24 21:53:13,0.003
2023-12-24 21:53:13,224 [http-nio-9090-exec-9] INFO  o.f.teach.security.jwt.AuthTokenFilter             - /api/base/getPhotoImageStr,202200300205,2023-12-24 21:53:13,0.003
2023-12-24 21:53:13,387 [http-nio-9090-exec-7] INFO  o.f.teach.security.jwt.AuthTokenFilter             - /api/post/getPersonInfo,202200300205,2023-12-24 21:53:13,0.0
2023-12-24 21:53:13,532 [http-nio-9090-exec-10] INFO  o.f.teach.security.jwt.AuthTokenFilter             - /api/post/getAvatar,202200300205,2023-12-24 21:53:13,0.0
2023-12-24 21:53:13,532 [http-nio-9090-exec-1] INFO  o.f.teach.security.jwt.AuthTokenFilter             - /api/student/getStudentInfo,202200300205,2023-12-24 21:53:13,0.0
2023-12-24 21:53:13,700 [http-nio-9090-exec-6] INFO  o.f.teach.security.jwt.AuthTokenFilter             - /api/teacher/getTeacherInfo,202200300205,2023-12-24 21:53:13,0.0
2023-12-24 21:53:13,700 [http-nio-9090-exec-2] INFO  o.f.teach.security.jwt.AuthTokenFilter             - /api/post/getAvatar,202200300205,2023-12-24 21:53:13,0.0
2023-12-24 21:53:13,712 [http-nio-9090-exec-4] INFO  o.f.teach.security.jwt.AuthTokenFilter             - /api/post/countPost,202200300205,2023-12-24 21:53:13,0.012
2023-12-24 21:53:13,847 [http-nio-9090-exec-8] INFO  o.f.teach.security.jwt.AuthTokenFilter             - /api/follow/getFansNum,202200300205,2023-12-24 21:53:13,0.0
2023-12-24 21:53:32,692 [http-nio-9090-exec-5] INFO  o.f.teach.security.jwt.AuthTokenFilter             - /api/post/getPersonInfo,202200300205,2023-12-24 21:53:32,0.003
2023-12-24 21:53:32,721 [http-nio-9090-exec-3] INFO  o.f.teach.security.jwt.AuthTokenFilter             - /api/post/getAvatar,202200300205,2023-12-24 21:53:32,0.006
2023-12-24 21:53:32,893 [http-nio-9090-exec-9] INFO  o.f.teach.security.jwt.AuthTokenFilter             - /api/teacher/getTeacherIntroduceData,202200300205,2023-12-24 21:53:32,0.006
2023-12-24 21:53:32,924 [http-nio-9090-exec-7] INFO  o.f.teach.security.jwt.AuthTokenFilter             - /api/base/getPhotoImageStr,202200300205,2023-12-24 21:53:32,0.005
2023-12-24 21:53:32,974 [http-nio-9090-exec-1] INFO  o.f.teach.security.jwt.AuthTokenFilter             - /api/post/getPersonInfo,202200300205,2023-12-24 21:53:32,0.006
2023-12-24 21:53:33,024 [http-nio-9090-exec-10] INFO  o.f.teach.security.jwt.AuthTokenFilter             - /api/post/getAvatar,202200300205,2023-12-24 21:53:33,0.003
2023-12-24 21:53:33,120 [http-nio-9090-exec-2] INFO  o.f.teach.security.jwt.AuthTokenFilter             - /api/student/getStudentInfo,202200300205,2023-12-24 21:53:33,0.003
2023-12-24 21:53:33,121 [http-nio-9090-exec-6] INFO  o.f.teach.security.jwt.AuthTokenFilter             - /api/post/getAvatar,202200300205,2023-12-24 21:53:33,0.004
2023-12-24 21:53:33,234 [http-nio-9090-exec-4] INFO  o.f.teach.security.jwt.AuthTokenFilter             - /api/post/countPost,202200300205,2023-12-24 21:53:33,0.0
2023-12-24 21:53:33,250 [http-nio-9090-exec-8] INFO  o.f.teach.security.jwt.AuthTokenFilter             - /api/teacher/getTeacherInfo,202200300205,2023-12-24 21:53:33,0.016
2023-12-24 21:53:33,289 [http-nio-9090-exec-5] INFO  o.f.teach.security.jwt.AuthTokenFilter             - /api/follow/getFansNum,202200300205,2023-12-24 21:53:33,0.0
2023-12-24 21:55:06,423 [http-nio-9090-exec-3] INFO  o.f.teach.security.jwt.AuthTokenFilter             - /api/teacher/getTeacherIntroduceData,202200300205,2023-12-24 21:55:06,0.006
2023-12-24 21:55:06,574 [http-nio-9090-exec-9] INFO  o.f.teach.security.jwt.AuthTokenFilter             - /api/base/getPhotoImageStr,202200300205,2023-12-24 21:55:06,0.006
2023-12-24 21:55:06,739 [http-nio-9090-exec-7] INFO  o.f.teach.security.jwt.AuthTokenFilter             - /api/post/getPersonInfo,202200300205,2023-12-24 21:55:06,0.002
2023-12-24 21:55:06,903 [http-nio-9090-exec-1] INFO  o.f.teach.security.jwt.AuthTokenFilter             - /api/post/getAvatar,202200300205,2023-12-24 21:55:06,0.004
2023-12-24 21:55:06,903 [http-nio-9090-exec-10] INFO  o.f.teach.security.jwt.AuthTokenFilter             - /api/student/getStudentInfo,202200300205,2023-12-24 21:55:06,0.004
2023-12-24 21:55:07,056 [http-nio-9090-exec-2] INFO  o.f.teach.security.jwt.AuthTokenFilter             - /api/post/countPost,202200300205,2023-12-24 21:55:07,0.001
2023-12-24 21:55:07,068 [http-nio-9090-exec-6] INFO  o.f.teach.security.jwt.AuthTokenFilter             - /api/teacher/getTeacherInfo,202200300205,2023-12-24 21:55:07,0.012
2023-12-24 21:55:07,215 [http-nio-9090-exec-4] INFO  o.f.teach.security.jwt.AuthTokenFilter             - /api/follow/getFansNum,202200300205,2023-12-24 21:55:07,0.002
2023-12-24 21:55:09,145 [http-nio-9090-exec-8] INFO  o.f.teach.security.jwt.AuthTokenFilter             - /api/post/getPersonInfo,202200300205,2023-12-24 21:55:09,0.003
2023-12-24 21:55:09,199 [http-nio-9090-exec-5] INFO  o.f.teach.security.jwt.AuthTokenFilter             - /api/post/getAvatar,202200300205,2023-12-24 21:55:09,0.003
2023-12-24 21:55:09,267 [http-nio-9090-exec-3] INFO  o.f.teach.security.jwt.AuthTokenFilter             - /api/teacher/getTeacherIntroduceData,202200300205,2023-12-24 21:55:09,0.003
2023-12-24 21:55:09,278 [http-nio-9090-exec-9] INFO  o.f.teach.security.jwt.AuthTokenFilter             - /api/base/getPhotoImageStr,202200300205,2023-12-24 21:55:09,0.003
2023-12-24 21:55:09,290 [http-nio-9090-exec-7] INFO  o.f.teach.security.jwt.AuthTokenFilter             - /api/post/getPersonInfo,202200300205,2023-12-24 21:55:09,0.003
2023-12-24 21:55:09,293 [http-nio-9090-exec-1] INFO  o.f.teach.security.jwt.AuthTokenFilter             - /api/post/getAvatar,202200300205,2023-12-24 21:55:09,0.006
2023-12-24 21:55:09,602 [http-nio-9090-exec-2] INFO  o.f.teach.security.jwt.AuthTokenFilter             - /api/post/countPost,202200300205,2023-12-24 21:55:09,0.0
2023-12-24 21:55:09,612 [http-nio-9090-exec-10] INFO  o.f.teach.security.jwt.AuthTokenFilter             - /api/student/getStudentInfo,202200300205,2023-12-24 21:55:09,0.01
2023-12-24 21:55:09,656 [http-nio-9090-exec-6] INFO  o.f.teach.security.jwt.AuthTokenFilter             - /api/teacher/getTeacherInfo,202200300205,2023-12-24 21:55:09,0.002
2023-12-24 21:55:09,679 [http-nio-9090-exec-4] INFO  o.f.teach.security.jwt.AuthTokenFilter             - /api/follow/getFansNum,202200300205,2023-12-24 21:55:09,0.0
2023-12-24 21:56:10,559 [http-nio-9090-exec-8] INFO  o.f.teach.security.jwt.AuthTokenFilter             - /api/teacher/getTeacherIntroduceData,202200300205,2023-12-24 21:56:10,0.0
2023-12-24 21:56:10,739 [http-nio-9090-exec-5] INFO  o.f.teach.security.jwt.AuthTokenFilter             - /api/base/getPhotoImageStr,202200300205,2023-12-24 21:56:10,0.004
2023-12-24 21:56:10,890 [http-nio-9090-exec-3] INFO  o.f.teach.security.jwt.AuthTokenFilter             - /api/post/getPersonInfo,202200300205,2023-12-24 21:56:10,0.0
2023-12-24 21:56:11,048 [http-nio-9090-exec-9] INFO  o.f.teach.security.jwt.AuthTokenFilter             - /api/student/getStudentInfo,202200300205,2023-12-24 21:56:11,0.0
2023-12-24 21:56:11,206 [http-nio-9090-exec-2] INFO  o.f.teach.security.jwt.AuthTokenFilter             - /api/teacher/getTeacherInfo,202200300205,2023-12-24 21:56:11,0.001
2023-12-24 21:56:11,206 [http-nio-9090-exec-7] INFO  o.f.teach.security.jwt.AuthTokenFilter             - /api/post/getAvatar,202200300205,2023-12-24 21:56:11,0.001
2023-12-24 21:56:11,206 [http-nio-9090-exec-1] INFO  o.f.teach.security.jwt.AuthTokenFilter             - /api/post/countPost,202200300205,2023-12-24 21:56:11,0.001
2023-12-24 21:56:11,368 [http-nio-9090-exec-10] INFO  o.f.teach.security.jwt.AuthTokenFilter             - /api/follow/getFansNum,202200300205,2023-12-24 21:56:11,0.0
2023-12-24 21:56:48,801 [http-nio-9090-exec-6] INFO  o.f.teach.security.jwt.AuthTokenFilter             - /api/teacher/getTeacherIntroduceData,202200300205,2023-12-24 21:56:48,0.0
2023-12-24 21:56:49,130 [http-nio-9090-exec-4] INFO  o.f.teach.security.jwt.AuthTokenFilter             - /api/base/getPhotoImageStr,202200300205,2023-12-24 21:56:49,0.0
2023-12-24 21:56:49,379 [http-nio-9090-exec-8] INFO  o.f.teach.security.jwt.AuthTokenFilter             - /api/post/getPersonInfo,202200300205,2023-12-24 21:56:49,0.002
2023-12-24 21:56:49,443 [http-nio-9090-exec-5] INFO  o.f.teach.security.jwt.AuthTokenFilter             - /api/student/getStudentInfo,202200300205,2023-12-24 21:56:49,0.002
2023-12-24 21:56:49,704 [http-nio-9090-exec-3] INFO  o.f.teach.security.jwt.AuthTokenFilter             - /api/teacher/getTeacherInfo,202200300205,2023-12-24 21:56:49,0.0
2023-12-24 21:56:49,751 [http-nio-9090-exec-9] INFO  o.f.teach.security.jwt.AuthTokenFilter             - /api/follow/getFansNum,202200300205,2023-12-24 21:56:49,0.0
2023-12-24 21:56:50,027 [http-nio-9090-exec-2] INFO  o.f.teach.security.jwt.AuthTokenFilter             - /api/post/getAvatar,202200300205,2023-12-24 21:56:50,0.0
2023-12-24 21:56:50,075 [http-nio-9090-exec-7] INFO  o.f.teach.security.jwt.AuthTokenFilter             - /api/post/countPost,202200300205,2023-12-24 21:56:50,0.0
2023-12-24 21:56:54,792 [http-nio-9090-exec-1] INFO  o.f.teach.security.jwt.AuthTokenFilter             - /api/post/getPersonInfo,202200300205,2023-12-24 21:56:54,0.003
2023-12-24 21:56:54,823 [http-nio-9090-exec-10] INFO  o.f.teach.security.jwt.AuthTokenFilter             - /api/post/getAvatar,202200300205,2023-12-24 21:56:54,0.004
2023-12-24 21:56:54,884 [http-nio-9090-exec-6] INFO  o.f.teach.security.jwt.AuthTokenFilter             - /api/teacher/getTeacherIntroduceData,202200300205,2023-12-24 21:56:54,0.004
2023-12-24 21:56:54,903 [http-nio-9090-exec-4] INFO  o.f.teach.security.jwt.AuthTokenFilter             - /api/base/getPhotoImageStr,202200300205,2023-12-24 21:56:54,0.003
2023-12-24 21:56:54,913 [http-nio-9090-exec-8] INFO  o.f.teach.security.jwt.AuthTokenFilter             - /api/post/getPersonInfo,202200300205,2023-12-24 21:56:54,0.002
2023-12-24 21:56:54,923 [http-nio-9090-exec-5] INFO  o.f.teach.security.jwt.AuthTokenFilter             - /api/student/getStudentInfo,202200300205,2023-12-24 21:56:54,0.002
2023-12-24 21:56:55,235 [http-nio-9090-exec-3] INFO  o.f.teach.security.jwt.AuthTokenFilter             - /api/teacher/getTeacherInfo,202200300205,2023-12-24 21:56:55,0.001
2023-12-24 21:56:55,341 [http-nio-9090-exec-9] INFO  o.f.teach.security.jwt.AuthTokenFilter             - /api/follow/getFansNum,202200300205,2023-12-24 21:56:55,0.002
2023-12-24 21:56:55,371 [http-nio-9090-exec-7] INFO  o.f.teach.security.jwt.AuthTokenFilter             - /api/post/countPost,202200300205,2023-12-24 21:56:55,0.004
2023-12-24 21:56:55,383 [http-nio-9090-exec-2] INFO  o.f.teach.security.jwt.AuthTokenFilter             - /api/post/getAvatar,202200300205,2023-12-24 21:56:55,0.016
2023-12-24 21:58:58,938 [http-nio-9090-exec-1] INFO  o.f.teach.security.jwt.AuthTokenFilter             - /api/post/getPersonInfo,202200300205,2023-12-24 21:58:58,0.002
2023-12-24 21:58:59,012 [http-nio-9090-exec-10] INFO  o.f.teach.security.jwt.AuthTokenFilter             - /api/post/getAvatar,202200300205,2023-12-24 21:58:59,0.011
2023-12-24 21:58:59,059 [http-nio-9090-exec-6] INFO  o.f.teach.security.jwt.AuthTokenFilter             - /api/teacher/getTeacherIntroduceData,202200300205,2023-12-24 21:58:59,0.002
2023-12-24 21:58:59,068 [http-nio-9090-exec-4] INFO  o.f.teach.security.jwt.AuthTokenFilter             - /api/base/getPhotoImageStr,202200300205,2023-12-24 21:58:59,0.003
2023-12-24 21:58:59,076 [http-nio-9090-exec-8] INFO  o.f.teach.security.jwt.AuthTokenFilter             - /api/post/getPersonInfo,202200300205,2023-12-24 21:58:59,0.002
2023-12-24 21:58:59,084 [http-nio-9090-exec-5] INFO  o.f.teach.security.jwt.AuthTokenFilter             - /api/student/getStudentInfo,202200300205,2023-12-24 21:58:59,0.001
2023-12-24 21:58:59,257 [http-nio-9090-exec-3] INFO  o.f.teach.security.jwt.AuthTokenFilter             - /api/teacher/getTeacherInfo,202200300205,2023-12-24 21:58:59,0.001
2023-12-24 21:58:59,393 [http-nio-9090-exec-9] INFO  o.f.teach.security.jwt.AuthTokenFilter             - /api/follow/getFansNum,202200300205,2023-12-24 21:58:59,0.002
2023-12-24 21:58:59,564 [http-nio-9090-exec-7] INFO  o.f.teach.security.jwt.AuthTokenFilter             - /api/post/getAvatar,202200300205,2023-12-24 21:58:59,0.0
2023-12-24 21:58:59,700 [http-nio-9090-exec-2] INFO  o.f.teach.security.jwt.AuthTokenFilter             - /api/post/countPost,202200300205,2023-12-24 21:58:59,0.0
2023-12-24 21:59:03,438 [http-nio-9090-exec-1] ERROR o.f.teach.security.jwt.AuthEntryPointJwt           - Unauthorized error: /api/teacher/getTeacherIntroduceData:Full authentication is required to access this resource
2023-12-24 21:59:03,438 [http-nio-9090-exec-1] INFO  o.f.teach.security.jwt.AuthTokenFilter             - /api/teacher/getTeacherIntroduceData,,2023-12-24 21:59:03,0.0
2023-12-24 21:59:03,860 [http-nio-9090-exec-10] INFO  o.f.teach.security.jwt.AuthTokenFilter             - /auth/getValidateCode,,2023-12-24 21:59:03,0.0
2023-12-24 21:59:12,801 [http-nio-9090-exec-6] INFO  o.f.teach.security.jwt.AuthTokenFilter             - /auth/testValidateInfo,,2023-12-24 21:59:12,0.0
2023-12-24 21:59:13,116 [http-nio-9090-exec-4] INFO  o.f.teach.security.jwt.AuthTokenFilter             - /auth/login,,2023-12-24 21:59:13,0.061
2023-12-24 21:59:13,130 [http-nio-9090-exec-8] INFO  o.f.teach.security.jwt.AuthTokenFilter             - /api/base/getMenuList,202200300201,2023-12-24 21:59:13,0.004
2023-12-24 21:59:13,433 [http-nio-9090-exec-5] INFO  o.f.teach.security.jwt.AuthTokenFilter             - /auth/getValidateCode,202200300201,2023-12-24 21:59:13,0.0
2023-12-24 21:59:13,445 [http-nio-9090-exec-3] INFO  o.f.teach.security.jwt.AuthTokenFilter             - /api/base/getMenuList,202200300201,2023-12-24 21:59:13,0.004
2023-12-24 21:59:13,839 [http-nio-9090-exec-9] INFO  o.f.teach.security.jwt.AuthTokenFilter             - /api/statistics/getMainPageData,202200300201,2023-12-24 21:59:13,0.003
2023-12-24 22:00:03,934 [http-nio-9090-exec-7] INFO  o.f.teach.security.jwt.AuthTokenFilter             - /api/student/getStudentIntroduceData,202200300201,2023-12-24 22:00:03,0.003
2023-12-24 22:00:03,941 [http-nio-9090-exec-2] INFO  o.f.teach.security.jwt.AuthTokenFilter             - /api/base/getPhotoImageStr,202200300201,2023-12-24 22:00:03,0.0
2023-12-24 22:00:04,187 [http-nio-9090-exec-10] INFO  o.f.teach.security.jwt.AuthTokenFilter             - /api/studentComment/getCommentList,202200300201,2023-12-24 22:00:04,0.0
2023-12-24 22:00:04,192 [http-nio-9090-exec-1] INFO  o.f.teach.security.jwt.AuthTokenFilter             - /api/post/getPersonInfo,202200300201,2023-12-24 22:00:04,0.005
2023-12-24 22:00:04,276 [http-nio-9090-exec-6] INFO  o.f.teach.security.jwt.AuthTokenFilter             - /api/studentComment/getAverageValue,202200300201,2023-12-24 22:00:04,0.0
2023-12-24 22:00:04,284 [http-nio-9090-exec-4] INFO  o.f.teach.security.jwt.AuthTokenFilter             - /api/student/getStudentInfo,202200300201,2023-12-24 22:00:04,0.008
2023-12-24 22:00:04,292 [http-nio-9090-exec-8] INFO  o.f.teach.security.jwt.AuthTokenFilter             - /api/follow/getFansNum,202200300201,2023-12-24 22:00:04,0.002
2023-12-24 22:00:04,502 [http-nio-9090-exec-5] INFO  o.f.teach.security.jwt.AuthTokenFilter             - /api/post/getAvatar,202200300201,2023-12-24 22:00:04,0.0
2023-12-24 22:00:04,601 [http-nio-9090-exec-3] INFO  o.f.teach.security.jwt.AuthTokenFilter             - /api/post/countPost,202200300201,2023-12-24 22:00:04,0.0
2023-12-24 22:00:08,975 [http-nio-9090-exec-9] INFO  o.f.teach.security.jwt.AuthTokenFilter             - /api/post/getAllPost,202200300201,2023-12-24 22:00:08,0.003
2023-12-24 22:00:09,181 [http-nio-9090-exec-7] INFO  o.f.teach.security.jwt.AuthTokenFilter             - /api/post/getPersonInfo,202200300201,2023-12-24 22:00:09,0.002
2023-12-24 22:00:09,190 [http-nio-9090-exec-2] INFO  o.f.teach.security.jwt.AuthTokenFilter             - /api/post/getFollowPost,202200300201,2023-12-24 22:00:09,0.006
2023-12-24 22:00:09,288 [http-nio-9090-exec-1] INFO  o.f.teach.security.jwt.AuthTokenFilter             - /api/comment/getCommentNum,202200300201,2023-12-24 22:00:09,0.002
2023-12-24 22:00:09,300 [http-nio-9090-exec-10] INFO  o.f.teach.security.jwt.AuthTokenFilter             - /api/comment/getCommentNum,202200300201,2023-12-24 22:00:09,0.014
2023-12-24 22:00:09,333 [http-nio-9090-exec-6] INFO  o.f.teach.security.jwt.AuthTokenFilter             - /api/post/getLikes,202200300201,2023-12-24 22:00:09,0.002
2023-12-24 22:00:09,365 [http-nio-9090-exec-4] INFO  o.f.teach.security.jwt.AuthTokenFilter             - /api/post/getLikes,202200300201,2023-12-24 22:00:09,0.002
2023-12-24 22:00:09,499 [http-nio-9090-exec-8] INFO  o.f.teach.security.jwt.AuthTokenFilter             - /api/comment/getCommentNum,202200300201,2023-12-24 22:00:09,0.001
2023-12-24 22:00:09,597 [http-nio-9090-exec-5] INFO  o.f.teach.security.jwt.AuthTokenFilter             - /api/comment/getCommentNum,202200300201,2023-12-24 22:00:09,0.002
2023-12-24 22:00:09,612 [http-nio-9090-exec-3] INFO  o.f.teach.security.jwt.AuthTokenFilter             - /api/post/getLikes,202200300201,2023-12-24 22:00:09,0.002
2023-12-24 22:00:09,642 [http-nio-9090-exec-9] INFO  o.f.teach.security.jwt.AuthTokenFilter             - /api/post/getLikes,202200300201,2023-12-24 22:00:09,0.002
2023-12-24 22:00:09,689 [http-nio-9090-exec-7] INFO  o.f.teach.security.jwt.AuthTokenFilter             - /api/comment/getCommentNum,202200300201,2023-12-24 22:00:09,0.001
2023-12-24 22:00:09,815 [http-nio-9090-exec-2] INFO  o.f.teach.security.jwt.AuthTokenFilter             - /api/comment/getCommentNum,202200300201,2023-12-24 22:00:09,0.002
2023-12-24 22:00:09,907 [http-nio-9090-exec-1] INFO  o.f.teach.security.jwt.AuthTokenFilter             - /api/post/getLikes,202200300201,2023-12-24 22:00:09,0.001
2023-12-24 22:00:09,922 [http-nio-9090-exec-10] INFO  o.f.teach.security.jwt.AuthTokenFilter             - /api/post/getLikes,202200300201,2023-12-24 22:00:09,0.002
2023-12-24 22:00:09,952 [http-nio-9090-exec-6] INFO  o.f.teach.security.jwt.AuthTokenFilter             - /api/comment/getCommentNum,202200300201,2023-12-24 22:00:09,0.001
2023-12-24 22:00:09,998 [http-nio-9090-exec-4] INFO  o.f.teach.security.jwt.AuthTokenFilter             - /api/comment/getCommentNum,202200300201,2023-12-24 22:00:09,0.002
2023-12-24 22:00:10,121 [http-nio-9090-exec-8] INFO  o.f.teach.security.jwt.AuthTokenFilter             - /api/post/getLikes,202200300201,2023-12-24 22:00:10,0.0
2023-12-24 22:00:10,236 [http-nio-9090-exec-5] INFO  o.f.teach.security.jwt.AuthTokenFilter             - /api/post/getLikes,202200300201,2023-12-24 22:00:10,0.002
2023-12-24 22:00:10,263 [http-nio-9090-exec-3] INFO  o.f.teach.security.jwt.AuthTokenFilter             - /api/comment/getCommentNum,202200300201,2023-12-24 22:00:10,0.001
2023-12-24 22:00:10,291 [http-nio-9090-exec-9] INFO  o.f.teach.security.jwt.AuthTokenFilter             - /api/comment/getCommentNum,202200300201,2023-12-24 22:00:10,0.007
2023-12-24 22:00:10,308 [http-nio-9090-exec-7] INFO  o.f.teach.security.jwt.AuthTokenFilter             - /api/post/getLikes,202200300201,2023-12-24 22:00:10,0.005
2023-12-24 22:00:10,345 [http-nio-9090-exec-2] INFO  o.f.teach.security.jwt.AuthTokenFilter             - /api/post/getLikes,202200300201,2023-12-24 22:00:10,0.0
2023-12-24 22:00:10,911 [http-nio-9090-exec-1] INFO  o.f.teach.security.jwt.AuthTokenFilter             - /api/comment/getCommentNum,202200300201,2023-12-24 22:00:10,0.003
2023-12-24 22:00:11,472 [http-nio-9090-exec-10] INFO  o.f.teach.security.jwt.AuthTokenFilter             - /api/statistics/getMainPageData,202200300201,2023-12-24 22:00:11,0.0
2023-12-24 22:00:12,254 [http-nio-9090-exec-6] INFO  o.f.teach.security.jwt.AuthTokenFilter             - /api/post/getLikes,202200300201,2023-12-24 22:00:12,0.006
2023-12-24 22:00:12,300 [http-nio-9090-exec-4] INFO  o.f.teach.security.jwt.AuthTokenFilter             - /api/studentVersionActivity/getActivityList,202200300201,2023-12-24 22:00:12,0.007
2023-12-24 22:00:12,418 [http-nio-9090-exec-8] INFO  o.f.teach.security.jwt.AuthTokenFilter             - /api/comment/getCommentNum,202200300201,2023-12-24 22:00:12,0.0
2023-12-24 22:00:12,428 [http-nio-9090-exec-5] INFO  o.f.teach.security.jwt.AuthTokenFilter             - /api/activity/getStudentItemOptionList,202200300201,2023-12-24 22:00:12,0.01
2023-12-24 22:00:12,533 [http-nio-9090-exec-3] INFO  o.f.teach.security.jwt.AuthTokenFilter             - /api/post/getLikes,202200300201,2023-12-24 22:00:12,0.002
2023-12-24 22:00:12,540 [http-nio-9090-exec-9] INFO  o.f.teach.security.jwt.AuthTokenFilter             - /api/comment/getCommentNum,202200300201,2023-12-24 22:00:12,0.001
2023-12-24 22:00:12,644 [http-nio-9090-exec-7] INFO  o.f.teach.security.jwt.AuthTokenFilter             - /api/post/getLikes,202200300201,2023-12-24 22:00:12,0.001
2023-12-24 22:00:12,651 [http-nio-9090-exec-2] INFO  o.f.teach.security.jwt.AuthTokenFilter             - /api/comment/getCommentNum,202200300201,2023-12-24 22:00:12,0.001
2023-12-24 22:00:12,730 [http-nio-9090-exec-1] INFO  o.f.teach.security.jwt.AuthTokenFilter             - /api/post/getLikes,202200300201,2023-12-24 22:00:12,0.0
2023-12-24 22:00:12,847 [http-nio-9090-exec-10] INFO  o.f.teach.security.jwt.AuthTokenFilter             - /api/comment/getCommentNum,202200300201,2023-12-24 22:00:12,0.0
2023-12-24 22:00:12,973 [http-nio-9090-exec-6] INFO  o.f.teach.security.jwt.AuthTokenFilter             - /api/post/getLikes,202200300201,2023-12-24 22:00:12,0.002
2023-12-24 22:00:13,040 [http-nio-9090-exec-4] INFO  o.f.teach.security.jwt.AuthTokenFilter             - /api/comment/getCommentNum,202200300201,2023-12-24 22:00:13,0.0
2023-12-24 22:00:13,160 [http-nio-9090-exec-8] INFO  o.f.teach.security.jwt.AuthTokenFilter             - /api/post/getLikes,202200300201,2023-12-24 22:00:13,0.0
2023-12-24 22:00:13,280 [http-nio-9090-exec-5] INFO  o.f.teach.security.jwt.AuthTokenFilter             - /api/comment/getCommentNum,202200300201,2023-12-24 22:00:13,0.0
2023-12-24 22:00:13,350 [http-nio-9090-exec-3] INFO  o.f.teach.security.jwt.AuthTokenFilter             - /api/post/getLikes,202200300201,2023-12-24 22:00:13,0.0
2023-12-24 22:00:16,666 [http-nio-9090-exec-9] INFO  o.f.teach.security.jwt.AuthTokenFilter             - /api/post/getAllPost,202200300201,2023-12-24 22:00:16,0.0
2023-12-24 22:00:16,666 [http-nio-9090-exec-7] INFO  o.f.teach.security.jwt.AuthTokenFilter             - /api/post/getPersonInfo,202200300201,2023-12-24 22:00:16,0.0
2023-12-24 22:00:16,989 [http-nio-9090-exec-2] INFO  o.f.teach.security.jwt.AuthTokenFilter             - /api/post/getFollowPost,202200300201,2023-12-24 22:00:16,0.003
2023-12-24 22:00:17,000 [http-nio-9090-exec-1] INFO  o.f.teach.security.jwt.AuthTokenFilter             - /api/comment/getCommentNum,202200300201,2023-12-24 22:00:16,0.014
2023-12-24 22:00:17,297 [http-nio-9090-exec-10] INFO  o.f.teach.security.jwt.AuthTokenFilter             - /api/comment/getCommentNum,202200300201,2023-12-24 22:00:17,0.0
2023-12-24 22:00:17,308 [http-nio-9090-exec-6] INFO  o.f.teach.security.jwt.AuthTokenFilter             - /api/post/getLikes,202200300201,2023-12-24 22:00:17,0.004
2023-12-24 22:00:17,609 [http-nio-9090-exec-4] INFO  o.f.teach.security.jwt.AuthTokenFilter             - /api/post/getLikes,202200300201,2023-12-24 22:00:17,0.0
2023-12-24 22:00:17,609 [http-nio-9090-exec-8] INFO  o.f.teach.security.jwt.AuthTokenFilter             - /api/comment/getCommentNum,202200300201,2023-12-24 22:00:17,0.0
2023-12-24 22:00:17,830 [http-nio-9090-exec-5] INFO  o.f.teach.security.jwt.AuthTokenFilter             - /api/studentVersionActivity/getActivityList,202200300201,2023-12-24 22:00:17,0.0
2023-12-24 22:00:17,930 [http-nio-9090-exec-3] INFO  o.f.teach.security.jwt.AuthTokenFilter             - /api/comment/getCommentNum,202200300201,2023-12-24 22:00:17,0.002
2023-12-24 22:00:17,939 [http-nio-9090-exec-9] INFO  o.f.teach.security.jwt.AuthTokenFilter             - /api/post/getLikes,202200300201,2023-12-24 22:00:17,0.011
2023-12-24 22:00:18,139 [http-nio-9090-exec-7] INFO  o.f.teach.security.jwt.AuthTokenFilter             - /api/activity/getStudentItemOptionList,202200300201,2023-12-24 22:00:18,0.0
2023-12-24 22:00:18,237 [http-nio-9090-exec-2] INFO  o.f.teach.security.jwt.AuthTokenFilter             - /api/post/getLikes,202200300201,2023-12-24 22:00:18,0.0
2023-12-24 22:00:18,243 [http-nio-9090-exec-1] INFO  o.f.teach.security.jwt.AuthTokenFilter             - /api/comment/getCommentNum,202200300201,2023-12-24 22:00:18,0.0
2023-12-24 22:00:18,557 [http-nio-9090-exec-10] INFO  o.f.teach.security.jwt.AuthTokenFilter             - /api/comment/getCommentNum,202200300201,2023-12-24 22:00:18,0.002
2023-12-24 22:00:18,562 [http-nio-9090-exec-6] INFO  o.f.teach.security.jwt.AuthTokenFilter             - /api/post/getLikes,202200300201,2023-12-24 22:00:18,0.007
2023-12-24 22:00:18,865 [http-nio-9090-exec-4] INFO  o.f.teach.security.jwt.AuthTokenFilter             - /api/post/getLikes,202200300201,2023-12-24 22:00:18,0.0
2023-12-24 22:00:18,865 [http-nio-9090-exec-8] INFO  o.f.teach.security.jwt.AuthTokenFilter             - /api/comment/getCommentNum,202200300201,2023-12-24 22:00:18,0.0
2023-12-24 22:00:19,181 [http-nio-9090-exec-5] INFO  o.f.teach.security.jwt.AuthTokenFilter             - /api/comment/getCommentNum,202200300201,2023-12-24 22:00:19,0.001
2023-12-24 22:00:19,181 [http-nio-9090-exec-3] INFO  o.f.teach.security.jwt.AuthTokenFilter             - /api/post/getLikes,202200300201,2023-12-24 22:00:19,0.002
2023-12-24 22:00:19,439 [http-nio-9090-exec-9] INFO  o.f.teach.security.jwt.AuthTokenFilter             - /api/post/getLikes,202200300201,2023-12-24 22:00:19,0.002
2023-12-24 22:00:19,492 [http-nio-9090-exec-7] INFO  o.f.teach.security.jwt.AuthTokenFilter             - /api/comment/getCommentNum,202200300201,2023-12-24 22:00:19,0.001
2023-12-24 22:00:19,492 [http-nio-9090-exec-2] INFO  o.f.teach.security.jwt.AuthTokenFilter             - /api/comment/getCommentNum,202200300201,2023-12-24 22:00:19,0.001
2023-12-24 22:00:19,745 [http-nio-9090-exec-1] INFO  o.f.teach.security.jwt.AuthTokenFilter             - /api/post/getLikes,202200300201,2023-12-24 22:00:19,0.0
2023-12-24 22:00:19,800 [http-nio-9090-exec-10] INFO  o.f.teach.security.jwt.AuthTokenFilter             - /api/post/getLikes,202200300201,2023-12-24 22:00:19,0.0
2023-12-24 22:00:19,806 [http-nio-9090-exec-6] INFO  o.f.teach.security.jwt.AuthTokenFilter             - /api/comment/getCommentNum,202200300201,2023-12-24 22:00:19,0.0
2023-12-24 22:00:20,131 [http-nio-9090-exec-4] INFO  o.f.teach.security.jwt.AuthTokenFilter             - /api/post/getLikes,202200300201,2023-12-24 22:00:20,0.001
2023-12-24 22:00:20,375 [http-nio-9090-exec-8] INFO  o.f.teach.security.jwt.AuthTokenFilter             - /api/studentVersionPrize/getPrizeList,202200300201,2023-12-24 22:00:20,0.005
2023-12-24 22:00:20,399 [http-nio-9090-exec-5] INFO  o.f.teach.security.jwt.AuthTokenFilter             - /api/comment/getCommentNum,202200300201,2023-12-24 22:00:20,0.0
2023-12-24 22:00:20,440 [http-nio-9090-exec-3] INFO  o.f.teach.security.jwt.AuthTokenFilter             - /api/activity/getStudentItemOptionList,202200300201,2023-12-24 22:00:20,0.0
2023-12-24 22:00:20,685 [http-nio-9090-exec-9] INFO  o.f.teach.security.jwt.AuthTokenFilter             - /api/post/getLikes,202200300201,2023-12-24 22:00:20,0.0
2023-12-24 22:00:20,709 [http-nio-9090-exec-7] INFO  o.f.teach.security.jwt.AuthTokenFilter             - /api/statistics/getMainPageData,202200300201,2023-12-24 22:00:20,0.0
2023-12-24 22:00:20,956 [http-nio-9090-exec-2] INFO  o.f.teach.security.jwt.AuthTokenFilter             - /api/comment/getCommentNum,202200300201,2023-12-24 22:00:20,0.0
2023-12-24 22:00:21,010 [http-nio-9090-exec-1] INFO  o.f.teach.security.jwt.AuthTokenFilter             - /api/post/getLikes,202200300201,2023-12-24 22:00:21,0.002
2023-12-24 22:00:21,266 [http-nio-9090-exec-10] INFO  o.f.teach.security.jwt.AuthTokenFilter             - /api/comment/getCommentNum,202200300201,2023-12-24 22:00:21,0.0
2023-12-24 22:00:21,325 [http-nio-9090-exec-6] INFO  o.f.teach.security.jwt.AuthTokenFilter             - /api/post/getLikes,202200300201,2023-12-24 22:00:21,0.0
2023-12-24 22:00:21,575 [http-nio-9090-exec-4] INFO  o.f.teach.security.jwt.AuthTokenFilter             - /api/comment/getCommentNum,202200300201,2023-12-24 22:00:21,0.0
2023-12-24 22:00:21,648 [http-nio-9090-exec-8] INFO  o.f.teach.security.jwt.AuthTokenFilter             - /api/post/getAllPost,202200300201,2023-12-24 22:00:21,0.0
2023-12-24 22:00:21,750 [http-nio-9090-exec-3] INFO  o.f.teach.security.jwt.AuthTokenFilter             - /api/post/getFollowPost,202200300201,2023-12-24 22:00:21,0.003
2023-12-24 22:00:21,757 [http-nio-9090-exec-5] INFO  o.f.teach.security.jwt.AuthTokenFilter             - /api/post/getPersonInfo,202200300201,2023-12-24 22:00:21,0.01
2023-12-24 22:00:21,770 [http-nio-9090-exec-9] INFO  o.f.teach.security.jwt.AuthTokenFilter             - /api/post/getLikes,202200300201,2023-12-24 22:00:21,0.023
2023-12-24 22:00:21,885 [http-nio-9090-exec-7] INFO  o.f.teach.security.jwt.AuthTokenFilter             - /api/comment/getCommentNum,202200300201,2023-12-24 22:00:21,0.0
2023-12-24 22:00:21,964 [http-nio-9090-exec-2] INFO  o.f.teach.security.jwt.AuthTokenFilter             - /api/comment/getCommentNum,202200300201,2023-12-24 22:00:21,0.0
2023-12-24 22:00:22,061 [http-nio-9090-exec-1] INFO  o.f.teach.security.jwt.AuthTokenFilter             - /api/comment/getCommentNum,202200300201,2023-12-24 22:00:22,0.002
2023-12-24 22:00:22,081 [http-nio-9090-exec-10] INFO  o.f.teach.security.jwt.AuthTokenFilter             - /api/post/getLikes,202200300201,2023-12-24 22:00:22,0.002
2023-12-24 22:00:22,199 [http-nio-9090-exec-6] INFO  o.f.teach.security.jwt.AuthTokenFilter             - /api/post/getLikes,202200300201,2023-12-24 22:00:22,0.0
2023-12-24 22:00:22,273 [http-nio-9090-exec-4] INFO  o.f.teach.security.jwt.AuthTokenFilter             - /api/student/getStudentIntroduceData,202200300201,2023-12-24 22:00:22,0.0
2023-12-24 22:00:22,387 [http-nio-9090-exec-8] INFO  o.f.teach.security.jwt.AuthTokenFilter             - /api/post/getLikes,202200300201,2023-12-24 22:00:22,0.0
2023-12-24 22:00:22,393 [http-nio-9090-exec-3] INFO  o.f.teach.security.jwt.AuthTokenFilter             - /api/comment/getCommentNum,202200300201,2023-12-24 22:00:22,0.0
2023-12-24 22:00:22,405 [http-nio-9090-exec-5] INFO  o.f.teach.security.jwt.AuthTokenFilter             - /api/comment/getCommentNum,202200300201,2023-12-24 22:00:22,0.012
2023-12-24 22:00:22,509 [http-nio-9090-exec-9] INFO  o.f.teach.security.jwt.AuthTokenFilter             - /api/base/getPhotoImageStr,202200300201,2023-12-24 22:00:22,0.0
2023-12-24 22:00:22,587 [http-nio-9090-exec-7] INFO  o.f.teach.security.jwt.AuthTokenFilter             - /api/comment/getCommentNum,202200300201,2023-12-24 22:00:22,0.0
2023-12-24 22:00:22,696 [http-nio-9090-exec-2] INFO  o.f.teach.security.jwt.AuthTokenFilter             - /api/post/getLikes,202200300201,2023-12-24 22:00:22,0.0
2023-12-24 22:00:22,702 [http-nio-9090-exec-1] INFO  o.f.teach.security.jwt.AuthTokenFilter             - /api/post/getLikes,202200300201,2023-12-24 22:00:22,0.0
2023-12-24 22:00:22,714 [http-nio-9090-exec-10] INFO  o.f.teach.security.jwt.AuthTokenFilter             - /api/post/getPersonInfo,202200300201,2023-12-24 22:00:22,0.005
2023-12-24 22:00:22,836 [http-nio-9090-exec-4] INFO  o.f.teach.security.jwt.AuthTokenFilter             - /api/studentComment/getAverageValue,202200300201,2023-12-24 22:00:22,0.0
2023-12-24 22:00:22,854 [http-nio-9090-exec-6] INFO  o.f.teach.security.jwt.AuthTokenFilter             - /api/studentComment/getCommentList,202200300201,2023-12-24 22:00:22,0.018
2023-12-24 22:00:22,899 [http-nio-9090-exec-8] INFO  o.f.teach.security.jwt.AuthTokenFilter             - /api/post/getAllPost,202200300201,2023-12-24 22:00:22,0.002
2023-12-24 22:00:23,010 [http-nio-9090-exec-3] INFO  o.f.teach.security.jwt.AuthTokenFilter             - /api/post/getPersonInfo,202200300201,2023-12-24 22:00:23,0.002
2023-12-24 22:00:23,012 [http-nio-9090-exec-5] INFO  o.f.teach.security.jwt.AuthTokenFilter             - /api/post/getFollowPost,202200300201,2023-12-24 22:00:23,0.002
2023-12-24 22:00:23,026 [http-nio-9090-exec-9] INFO  o.f.teach.security.jwt.AuthTokenFilter             - /api/post/getLikes,202200300201,2023-12-24 22:00:23,0.0
2023-12-24 22:00:23,146 [http-nio-9090-exec-7] INFO  o.f.teach.security.jwt.AuthTokenFilter             - /api/comment/getCommentNum,202200300201,2023-12-24 22:00:23,0.0
2023-12-24 22:00:23,158 [http-nio-9090-exec-2] INFO  o.f.teach.security.jwt.AuthTokenFilter             - /api/comment/getCommentNum,202200300201,2023-12-24 22:00:23,0.0
2023-12-24 22:00:23,208 [http-nio-9090-exec-1] INFO  o.f.teach.security.jwt.AuthTokenFilter             - /api/student/getStudentInfo,202200300201,2023-12-24 22:00:23,0.0
2023-12-24 22:00:23,320 [http-nio-9090-exec-4] INFO  o.f.teach.security.jwt.AuthTokenFilter             - /api/comment/getCommentNum,202200300201,2023-12-24 22:00:23,0.004
2023-12-24 22:00:23,334 [http-nio-9090-exec-10] INFO  o.f.teach.security.jwt.AuthTokenFilter             - /api/comment/getCommentNum,202200300201,2023-12-24 22:00:23,0.017
2023-12-24 22:00:23,461 [http-nio-9090-exec-6] INFO  o.f.teach.security.jwt.AuthTokenFilter             - /api/post/getLikes,202200300201,2023-12-24 22:00:23,0.0
2023-12-24 22:00:23,468 [http-nio-9090-exec-8] INFO  o.f.teach.security.jwt.AuthTokenFilter             - /api/post/getLikes,202200300201,2023-12-24 22:00:23,0.0
2023-12-24 22:00:23,520 [http-nio-9090-exec-3] INFO  o.f.teach.security.jwt.AuthTokenFilter             - /api/follow/getFansNum,202200300201,2023-12-24 22:00:23,0.002
2023-12-24 22:00:23,635 [http-nio-9090-exec-5] INFO  o.f.teach.security.jwt.AuthTokenFilter             - /api/post/getLikes,202200300201,2023-12-24 22:00:23,0.002
2023-12-24 22:00:23,642 [http-nio-9090-exec-9] INFO  o.f.teach.security.jwt.AuthTokenFilter             - /api/post/getLikes,202200300201,2023-12-24 22:00:23,0.002
2023-12-24 22:00:23,772 [http-nio-9090-exec-7] INFO  o.f.teach.security.jwt.AuthTokenFilter             - /api/comment/getCommentNum,202200300201,2023-12-24 22:00:23,0.0
2023-12-24 22:00:23,772 [http-nio-9090-exec-2] INFO  o.f.teach.security.jwt.AuthTokenFilter             - /api/comment/getCommentNum,202200300201,2023-12-24 22:00:23,0.0
2023-12-24 22:00:23,830 [http-nio-9090-exec-1] INFO  o.f.teach.security.jwt.AuthTokenFilter             - /api/post/getAvatar,202200300201,2023-12-24 22:00:23,0.0
2023-12-24 22:00:23,840 [http-nio-9090-exec-4] INFO  o.f.teach.security.jwt.AuthTokenFilter             - /api/post/countPost,202200300201,2023-12-24 22:00:23,0.01
2023-12-24 22:00:23,947 [http-nio-9090-exec-10] INFO  o.f.teach.security.jwt.AuthTokenFilter             - /api/comment/getCommentNum,202200300201,2023-12-24 22:00:23,0.0
2023-12-24 22:00:23,954 [http-nio-9090-exec-6] INFO  o.f.teach.security.jwt.AuthTokenFilter             - /api/comment/getCommentNum,202200300201,2023-12-24 22:00:23,0.002
2023-12-24 22:00:24,085 [http-nio-9090-exec-8] INFO  o.f.teach.security.jwt.AuthTokenFilter             - /api/post/getLikes,202200300201,2023-12-24 22:00:24,0.0
2023-12-24 22:00:24,091 [http-nio-9090-exec-3] INFO  o.f.teach.security.jwt.AuthTokenFilter             - /api/post/getLikes,202200300201,2023-12-24 22:00:24,0.006
2023-12-24 22:00:24,266 [http-nio-9090-exec-5] INFO  o.f.teach.security.jwt.AuthTokenFilter             - /api/post/getLikes,202200300201,2023-12-24 22:00:24,0.0
2023-12-24 22:00:24,279 [http-nio-9090-exec-9] INFO  o.f.teach.security.jwt.AuthTokenFilter             - /api/post/getLikes,202200300201,2023-12-24 22:00:24,0.013
2023-12-24 22:00:24,403 [http-nio-9090-exec-2] INFO  o.f.teach.security.jwt.AuthTokenFilter             - /api/comment/getCommentNum,202200300201,2023-12-24 22:00:24,0.001
2023-12-24 22:00:24,415 [http-nio-9090-exec-7] INFO  o.f.teach.security.jwt.AuthTokenFilter             - /api/comment/getCommentNum,202200300201,2023-12-24 22:00:24,0.013
2023-12-24 22:00:24,576 [http-nio-9090-exec-1] INFO  o.f.teach.security.jwt.AuthTokenFilter             - /api/comment/getCommentNum,202200300201,2023-12-24 22:00:24,0.0
2023-12-24 22:00:24,588 [http-nio-9090-exec-4] INFO  o.f.teach.security.jwt.AuthTokenFilter             - /api/comment/getCommentNum,202200300201,2023-12-24 22:00:24,0.0
2023-12-24 22:00:24,716 [http-nio-9090-exec-10] INFO  o.f.teach.security.jwt.AuthTokenFilter             - /api/post/getLikes,202200300201,2023-12-24 22:00:24,0.002
2023-12-24 22:00:24,729 [http-nio-9090-exec-6] INFO  o.f.teach.security.jwt.AuthTokenFilter             - /api/post/getLikes,202200300201,2023-12-24 22:00:24,0.001
2023-12-24 22:00:24,885 [http-nio-9090-exec-8] INFO  o.f.teach.security.jwt.AuthTokenFilter             - /api/post/getLikes,202200300201,2023-12-24 22:00:24,0.0
2023-12-24 22:00:24,897 [http-nio-9090-exec-3] INFO  o.f.teach.security.jwt.AuthTokenFilter             - /api/post/getLikes,202200300201,2023-12-24 22:00:24,0.0
2023-12-24 22:00:25,037 [http-nio-9090-exec-5] INFO  o.f.teach.security.jwt.AuthTokenFilter             - /api/comment/getCommentNum,202200300201,2023-12-24 22:00:25,0.0
2023-12-24 22:00:25,203 [http-nio-9090-exec-9] INFO  o.f.teach.security.jwt.AuthTokenFilter             - /api/comment/getCommentNum,202200300201,2023-12-24 22:00:25,0.002
2023-12-24 22:00:25,209 [http-nio-9090-exec-2] INFO  o.f.teach.security.jwt.AuthTokenFilter             - /api/comment/getCommentNum,202200300201,2023-12-24 22:00:25,0.001
2023-12-24 22:00:25,353 [http-nio-9090-exec-7] INFO  o.f.teach.security.jwt.AuthTokenFilter             - /api/post/getLikes,202200300201,2023-12-24 22:00:25,0.004
2023-12-24 22:00:25,515 [http-nio-9090-exec-1] INFO  o.f.teach.security.jwt.AuthTokenFilter             - /api/post/getLikes,202200300201,2023-12-24 22:00:25,0.0
2023-12-24 22:00:25,533 [http-nio-9090-exec-4] INFO  o.f.teach.security.jwt.AuthTokenFilter             - /api/post/getLikes,202200300201,2023-12-24 22:00:25,0.018
2023-12-24 22:00:25,684 [http-nio-9090-exec-10] INFO  o.f.teach.security.jwt.AuthTokenFilter             - /api/comment/getCommentNum,202200300201,2023-12-24 22:00:25,0.002
2023-12-24 22:00:26,042 [http-nio-9090-exec-6] INFO  o.f.teach.security.jwt.AuthTokenFilter             - /api/post/getPersonInfo,202200300201,2023-12-24 22:00:26,0.002
2023-12-24 22:00:26,067 [http-nio-9090-exec-8] INFO  o.f.teach.security.jwt.AuthTokenFilter             - /api/post/getAvatar,202200300201,2023-12-24 22:00:26,0.001
2023-12-24 22:00:26,189 [http-nio-9090-exec-5] INFO  o.f.teach.security.jwt.AuthTokenFilter             - /api/post/getPostList,202200300201,2023-12-24 22:00:26,0.0
2023-12-24 22:00:26,189 [http-nio-9090-exec-3] INFO  o.f.teach.security.jwt.AuthTokenFilter             - /api/student/getStudentInfo,202200300201,2023-12-24 22:00:26,0.0
2023-12-24 22:00:26,189 [http-nio-9090-exec-2] INFO  o.f.teach.security.jwt.AuthTokenFilter             - /api/post/getAvatar,202200300201,2023-12-24 22:00:26,0.0
2023-12-24 22:00:26,189 [http-nio-9090-exec-9] INFO  o.f.teach.security.jwt.AuthTokenFilter             - /api/post/getPersonInfo,202200300201,2023-12-24 22:00:26,0.0
2023-12-24 22:00:26,359 [http-nio-9090-exec-7] INFO  o.f.teach.security.jwt.AuthTokenFilter             - /api/comment/getCommentNum,202200300201,2023-12-24 22:00:26,0.001
2023-12-24 22:00:26,387 [http-nio-9090-exec-1] INFO  o.f.teach.security.jwt.AuthTokenFilter             - /api/follow/getFansNum,202200300201,2023-12-24 22:00:26,0.002
2023-12-24 22:00:26,497 [http-nio-9090-exec-4] INFO  o.f.teach.security.jwt.AuthTokenFilter             - /api/post/getLikes,202200300201,2023-12-24 22:00:26,0.0
2023-12-24 22:00:26,520 [http-nio-9090-exec-6] INFO  o.f.teach.security.jwt.AuthTokenFilter             - /api/comment/getCommentNum,202200300201,2023-12-24 22:00:26,0.0
2023-12-24 22:00:26,520 [http-nio-9090-exec-10] INFO  o.f.teach.security.jwt.AuthTokenFilter             - /api/follow/getFollow,202200300201,2023-12-24 22:00:26,0.0
2023-12-24 22:00:26,670 [http-nio-9090-exec-8] INFO  o.f.teach.security.jwt.AuthTokenFilter             - /api/post/getLikes,202200300201,2023-12-24 22:00:26,0.0
2023-12-24 22:03:16,006 [SpringApplicationShutdownHook] INFO  o.s.o.j.LocalContainerEntityManagerFactoryBean     - Closing JPA EntityManagerFactory for persistence unit 'default'
2023-12-24 22:03:16,008 [SpringApplicationShutdownHook] INFO  com.zaxxer.hikari.HikariDataSource                 - HikariPool-1 - Shutdown initiated...
2023-12-24 22:03:16,011 [SpringApplicationShutdownHook] INFO  com.zaxxer.hikari.HikariDataSource                 - HikariPool-1 - Shutdown completed.
