2023-08-17 09:05:21,534 [background-preinit] INFO  o.h.validator.internal.util.Version                - HV000001: Hibernate Validator 6.2.0.Final
2023-08-17 09:05:21,543 [main] INFO  o.f.t.SpringBootSecurityJwtApplication             - Starting SpringBootSecurityJwtApplication using Java 17.0.1 on lxq with PID 28464 (D:\teach\web\java-server\target\classes started by 14983 in D:\teach\web\java-server)
2023-08-17 09:05:21,543 [main] INFO  o.f.t.SpringBootSecurityJwtApplication             - No active profile set, falling back to default profiles: default
2023-08-17 09:05:22,012 [main] INFO  o.s.d.r.c.RepositoryConfigurationDelegate          - Multiple Spring Data modules found, entering strict repository configuration mode!
2023-08-17 09:05:22,023 [main] INFO  o.s.d.r.c.RepositoryConfigurationDelegate          - Bootstrapping Spring Data JPA repositories in DEFAULT mode.
2023-08-17 09:05:22,108 [main] INFO  o.s.d.r.c.RepositoryConfigurationDelegate          - Finished Spring Data repository scanning in 81 ms. Found 20 JPA repository interfaces.
2023-08-17 09:05:22,429 [main] INFO  o.s.c.s.PostProcessorRegistrationDelegate$BeanPostProcessorChecker - Bean 'org.springframework.security.access.expression.method.DefaultMethodSecurityExpressionHandler@3b48e183' of type [org.springframework.security.access.expression.method.DefaultMethodSecurityExpressionHandler] is not eligible for getting processed by all BeanPostProcessors (for example: not eligible for auto-proxying)
2023-08-17 09:05:22,432 [main] INFO  o.s.c.s.PostProcessorRegistrationDelegate$BeanPostProcessorChecker - Bean 'methodSecurityMetadataSource' of type [org.springframework.security.access.method.DelegatingMethodSecurityMetadataSource] is not eligible for getting processed by all BeanPostProcessors (for example: not eligible for auto-proxying)
2023-08-17 09:05:22,733 [main] INFO  o.s.b.w.embedded.tomcat.TomcatWebServer            - Tomcat initialized with port(s): 9090 (http)
2023-08-17 09:05:22,740 [main] INFO  o.apache.coyote.http11.Http11NioProtocol           - Initializing ProtocolHandler ["http-nio-9090"]
2023-08-17 09:05:22,740 [main] INFO  org.apache.catalina.core.StandardService           - Starting service [Tomcat]
2023-08-17 09:05:22,740 [main] INFO  org.apache.catalina.core.StandardEngine            - Starting Servlet engine: [Apache Tomcat/9.0.46]
2023-08-17 09:05:22,816 [main] INFO  o.a.c.c.C.[Tomcat].[localhost].[/]                 - Initializing Spring embedded WebApplicationContext
2023-08-17 09:05:22,816 [main] INFO  o.s.b.w.s.c.ServletWebServerApplicationContext     - Root WebApplicationContext: initialization completed in 1248 ms
2023-08-17 09:05:22,924 [main] WARN  o.s.b.a.o.j.JpaBaseConfiguration$JpaWebConfiguration - spring.jpa.open-in-view is enabled by default. Therefore, database queries may be performed during view rendering. Explicitly configure spring.jpa.open-in-view to disable this warning
2023-08-17 09:05:22,971 [main] INFO  com.zaxxer.hikari.HikariDataSource                 - HikariPool-1 - Starting...
2023-08-17 09:05:23,223 [main] INFO  com.zaxxer.hikari.HikariDataSource                 - HikariPool-1 - Start completed.
2023-08-17 09:05:23,273 [main] INFO  o.hibernate.jpa.internal.util.LogHelper            - HHH000204: Processing PersistenceUnitInfo [name: default]
2023-08-17 09:05:23,293 [main] INFO  org.hibernate.Version                              - HHH000412: Hibernate ORM core version 5.6.15.Final
2023-08-17 09:05:23,363 [main] INFO  org.hibernate.annotations.common.Version           - HCANN000001: Hibernate Commons Annotations {5.1.2.Final}
2023-08-17 09:05:23,480 [main] INFO  org.hibernate.dialect.Dialect                      - HHH000400: Using dialect: org.fatmansoft.teach.sqlite.SQLDialect
2023-08-17 09:05:23,917 [main] INFO  o.h.e.t.j.p.i.JtaPlatformInitiator                 - HHH000490: Using JtaPlatform implementation: [org.hibernate.engine.transaction.jta.platform.internal.NoJtaPlatform]
2023-08-17 09:05:23,920 [main] INFO  o.s.o.j.LocalContainerEntityManagerFactoryBean     - Initialized JPA EntityManagerFactory for persistence unit 'default'
2023-08-17 09:05:25,181 [main] INFO  o.s.b.a.w.s.WelcomePageHandlerMapping              - Adding welcome page: class path resource [public/index.html]
2023-08-17 09:05:25,308 [main] INFO  o.s.s.web.DefaultSecurityFilterChain               - Will secure any request with [org.springframework.security.web.context.request.async.WebAsyncManagerIntegrationFilter@28dd038f, org.springframework.security.web.context.SecurityContextPersistenceFilter@56bf6f1e, org.springframework.security.web.header.HeaderWriterFilter@6ff87203, org.springframework.web.filter.CorsFilter@31d8352e, org.springframework.security.web.authentication.logout.LogoutFilter@673fdc28, org.fatmansoft.teach.security.jwt.AuthTokenFilter@6eae3730, org.springframework.security.web.savedrequest.RequestCacheAwareFilter@308e465b, org.springframework.security.web.servletapi.SecurityContextHolderAwareRequestFilter@87df88d, org.springframework.security.web.authentication.AnonymousAuthenticationFilter@1d82d35c, org.springframework.security.web.session.SessionManagementFilter@2c7ac998, org.springframework.security.web.access.ExceptionTranslationFilter@193792e6, org.springframework.security.web.access.intercept.FilterSecurityInterceptor@3d96b8fb]
2023-08-17 09:05:25,527 [main] INFO  o.apache.coyote.http11.Http11NioProtocol           - Starting ProtocolHandler ["http-nio-9090"]
2023-08-17 09:05:25,550 [main] INFO  o.s.b.w.embedded.tomcat.TomcatWebServer            - Tomcat started on port(s): 9090 (http) with context path ''
2023-08-17 09:05:25,555 [main] INFO  o.f.t.SpringBootSecurityJwtApplication             - Started SpringBootSecurityJwtApplication in 4.287 seconds (JVM running for 4.535)
2023-08-17 09:05:25,557 [main] INFO  o.f.teach.SystemApplicationListener                - SystemInitStart
2023-08-17 09:05:25,625 [main] INFO  o.f.teach.SystemApplicationListener                - systemInitEnd
2023-08-17 09:05:32,460 [http-nio-9090-exec-1] INFO  o.a.c.c.C.[Tomcat].[localhost].[/]                 - Initializing Spring DispatcherServlet 'dispatcherServlet'
2023-08-17 09:05:32,460 [http-nio-9090-exec-1] INFO  o.s.web.servlet.DispatcherServlet                  - Initializing Servlet 'dispatcherServlet'
2023-08-17 09:05:32,461 [http-nio-9090-exec-1] INFO  o.s.web.servlet.DispatcherServlet                  - Completed initialization in 1 ms
2023-08-17 09:05:32,701 [http-nio-9090-exec-1] INFO  o.f.teach.security.jwt.AuthTokenFilter             - /auth/getValidateCode,,2023-08-17 09:05:32,0.228
2023-08-17 09:13:25,090 [SpringApplicationShutdownHook] INFO  o.s.o.j.LocalContainerEntityManagerFactoryBean     - Closing JPA EntityManagerFactory for persistence unit 'default'
2023-08-17 09:13:25,091 [SpringApplicationShutdownHook] INFO  com.zaxxer.hikari.HikariDataSource                 - HikariPool-1 - Shutdown initiated...
2023-08-17 09:13:25,093 [SpringApplicationShutdownHook] INFO  com.zaxxer.hikari.HikariDataSource                 - HikariPool-1 - Shutdown completed.
