2023-12-23 18:29:01,065 [http-nio-9090-exec-4] INFO  o.f.teach.security.jwt.AuthTokenFilter             - /api/studentVersionActivity/getActivityList,202200300201,2023-12-23 18:29:01,0.003
2023-12-23 18:29:01,070 [http-nio-9090-exec-7] INFO  o.f.teach.security.jwt.AuthTokenFilter             - /api/fee/getStudentItemOptionList,202200300201,2023-12-23 18:29:01,0.003
2023-12-23 18:29:01,115 [http-nio-9090-exec-6] INFO  o.f.teach.security.jwt.AuthTokenFilter             - /api/post/getLikes,202200300201,2023-12-23 18:29:01,0.002
2023-12-23 18:29:01,265 [http-nio-9090-exec-9] INFO  o.f.teach.security.jwt.AuthTokenFilter             - /api/activity/getStudentItemOptionList,202200300201,2023-12-23 18:29:01,0.002
2023-12-23 18:29:01,341 [http-nio-9090-exec-10] INFO  o.f.teach.security.jwt.AuthTokenFilter             - /api/comment/getCommentNum,202200300201,2023-12-23 18:29:01,0.002
2023-12-23 18:29:01,371 [http-nio-9090-exec-8] INFO  o.f.teach.security.jwt.AuthTokenFilter             - /api/post/getLikes,202200300201,2023-12-23 18:29:01,0.0
2023-12-23 18:29:01,427 [http-nio-9090-exec-1] INFO  o.f.teach.security.jwt.AuthTokenFilter             - /api/comment/getCommentNum,202200300201,2023-12-23 18:29:01,0.0
2023-12-23 18:29:01,647 [http-nio-9090-exec-5] INFO  o.f.teach.security.jwt.AuthTokenFilter             - /api/post/getLikes,202200300201,2023-12-23 18:29:01,0.0
2023-12-23 18:29:01,690 [http-nio-9090-exec-3] INFO  o.f.teach.security.jwt.AuthTokenFilter             - /api/comment/getCommentNum,202200300201,2023-12-23 18:29:01,0.003
2023-12-23 18:29:01,748 [http-nio-9090-exec-2] INFO  o.f.teach.security.jwt.AuthTokenFilter             - /api/studentVersionFee/getFeeList,202200300201,2023-12-23 18:29:01,0.004
2023-12-23 18:29:01,963 [http-nio-9090-exec-4] INFO  o.f.teach.security.jwt.AuthTokenFilter             - /api/post/getLikes,202200300201,2023-12-23 18:29:01,0.003
2023-12-23 18:29:02,027 [http-nio-9090-exec-7] INFO  o.f.teach.security.jwt.AuthTokenFilter             - /api/fee/getStudentItemOptionList,202200300201,2023-12-23 18:29:02,0.002
2023-12-23 18:29:02,032 [http-nio-9090-exec-6] INFO  o.f.teach.security.jwt.AuthTokenFilter             - /api/comment/getCommentNum,202200300201,2023-12-23 18:29:02,0.007
2023-12-23 18:29:02,074 [http-nio-9090-exec-9] INFO  o.f.teach.security.jwt.AuthTokenFilter             - /api/post/getLikes,202200300201,2023-12-23 18:29:02,0.002
2023-12-23 18:29:02,274 [http-nio-9090-exec-10] INFO  o.f.teach.security.jwt.AuthTokenFilter             - /api/comment/getCommentNum,202200300201,2023-12-23 18:29:02,0.0
2023-12-23 18:29:02,347 [http-nio-9090-exec-8] INFO  o.f.teach.security.jwt.AuthTokenFilter             - /api/post/getLikes,202200300201,2023-12-23 18:29:02,0.0
2023-12-23 18:29:02,408 [http-nio-9090-exec-1] INFO  o.f.teach.security.jwt.AuthTokenFilter             - /api/comment/getCommentNum,202200300201,2023-12-23 18:29:02,0.0
2023-12-23 18:29:02,608 [http-nio-9090-exec-5] INFO  o.f.teach.security.jwt.AuthTokenFilter             - /api/studentVersionLeaving/getLeavingList,202200300201,2023-12-23 18:29:02,0.012
2023-12-23 18:29:02,618 [http-nio-9090-exec-3] INFO  o.f.teach.security.jwt.AuthTokenFilter             - /api/post/getLikes,202200300201,2023-12-23 18:29:02,0.002
2023-12-23 18:29:02,663 [http-nio-9090-exec-2] INFO  o.f.teach.security.jwt.AuthTokenFilter             - /api/leaving/getStudentItemOptionList,202200300201,2023-12-23 18:29:02,0.0
2023-12-23 18:29:02,705 [http-nio-9090-exec-4] INFO  o.f.teach.security.jwt.AuthTokenFilter             - /api/comment/getCommentNum,202200300201,2023-12-23 18:29:02,0.0
2023-12-23 18:29:02,747 [http-nio-9090-exec-7] INFO  o.f.teach.security.jwt.AuthTokenFilter             - /api/post/getLikes,202200300201,2023-12-23 18:29:02,0.0
2023-12-23 18:29:02,862 [http-nio-9090-exec-6] INFO  o.f.teach.security.jwt.AuthTokenFilter             - /api/studentVersionActivity/getActivityList,202200300201,2023-12-23 18:29:02,0.004
2023-12-23 18:29:02,917 [http-nio-9090-exec-9] INFO  o.f.teach.security.jwt.AuthTokenFilter             - /api/activity/getStudentItemOptionList,202200300201,2023-12-23 18:29:02,0.0
2023-12-23 18:29:04,365 [http-nio-9090-exec-10] INFO  o.f.teach.security.jwt.AuthTokenFilter             - /api/studentVersionFee/getFeeList,202200300201,2023-12-23 18:29:04,0.001
2023-12-23 18:29:04,401 [http-nio-9090-exec-8] INFO  o.f.teach.security.jwt.AuthTokenFilter             - /api/fee/getStudentItemOptionList,202200300201,2023-12-23 18:29:04,0.0
2023-12-23 18:29:06,491 [http-nio-9090-exec-1] INFO  o.f.teach.security.jwt.AuthTokenFilter             - /api/student/getStudentIntroduceData,202200300201,2023-12-23 18:29:06,0.007
2023-12-23 18:29:06,523 [http-nio-9090-exec-5] INFO  o.f.teach.security.jwt.AuthTokenFilter             - /api/base/getPhotoImageStr,202200300201,2023-12-23 18:29:06,0.018
2023-12-23 18:29:06,569 [http-nio-9090-exec-3] INFO  o.f.teach.security.jwt.AuthTokenFilter             - /api/post/getPersonInfo,202200300201,2023-12-23 18:29:06,0.004
2023-12-23 18:29:06,569 [http-nio-9090-exec-2] INFO  o.f.teach.security.jwt.AuthTokenFilter             - /api/post/getAvatar,202200300201,2023-12-23 18:29:06,0.003
2023-12-23 18:29:06,573 [http-nio-9090-exec-7] INFO  o.f.teach.security.jwt.AuthTokenFilter             - /api/studentComment/getAverageValue,202200300201,2023-12-23 18:29:06,0.007
2023-12-23 18:29:06,573 [http-nio-9090-exec-4] INFO  o.f.teach.security.jwt.AuthTokenFilter             - /api/studentComment/getCommentList,202200300201,2023-12-23 18:29:06,0.007
2023-12-23 18:29:06,886 [http-nio-9090-exec-9] INFO  o.f.teach.security.jwt.AuthTokenFilter             - /api/post/getAvatar,202200300201,2023-12-23 18:29:06,0.002
2023-12-23 18:29:06,886 [http-nio-9090-exec-6] INFO  o.f.teach.security.jwt.AuthTokenFilter             - /api/student/getStudentInfo,202200300201,2023-12-23 18:29:06,0.002
2023-12-23 18:29:06,898 [http-nio-9090-exec-10] INFO  o.f.teach.security.jwt.AuthTokenFilter             - /api/post/countPost,202200300201,2023-12-23 18:29:06,0.014
2023-12-23 18:29:07,136 [http-nio-9090-exec-8] INFO  o.f.teach.security.jwt.AuthTokenFilter             - /api/follow/getFansNum,202200300201,2023-12-23 18:29:07,0.0
2023-12-23 18:29:19,344 [http-nio-9090-exec-1] INFO  o.f.teach.security.jwt.AuthTokenFilter             - /api/post/getPersonInfo,202200300201,2023-12-23 18:29:19,0.003
2023-12-23 18:29:19,366 [http-nio-9090-exec-5] INFO  o.f.teach.security.jwt.AuthTokenFilter             - /api/post/getAvatar,202200300201,2023-12-23 18:29:19,0.003
2023-12-23 18:29:19,477 [http-nio-9090-exec-3] INFO  o.f.teach.security.jwt.AuthTokenFilter             - /api/student/getStudentIntroduceData,202200300201,2023-12-23 18:29:19,0.004
2023-12-23 18:29:19,486 [http-nio-9090-exec-2] INFO  o.f.teach.security.jwt.AuthTokenFilter             - /api/base/getPhotoImageStr,202200300201,2023-12-23 18:29:19,0.004
2023-12-23 18:29:19,537 [http-nio-9090-exec-4] INFO  o.f.teach.security.jwt.AuthTokenFilter             - /api/post/getAvatar,202200300201,2023-12-23 18:29:19,0.002
2023-12-23 18:29:19,537 [http-nio-9090-exec-7] INFO  o.f.teach.security.jwt.AuthTokenFilter             - /api/post/getPersonInfo,202200300201,2023-12-23 18:29:19,0.002
2023-12-23 18:29:19,662 [http-nio-9090-exec-9] INFO  o.f.teach.security.jwt.AuthTokenFilter             - /api/studentComment/getCommentList,202200300201,2023-12-23 18:29:19,0.0
2023-12-23 18:29:19,681 [http-nio-9090-exec-6] INFO  o.f.teach.security.jwt.AuthTokenFilter             - /api/studentComment/getAverageValue,202200300201,2023-12-23 18:29:19,0.0
2023-12-23 18:29:19,843 [http-nio-9090-exec-8] INFO  o.f.teach.security.jwt.AuthTokenFilter             - /api/post/getAvatar,202200300201,2023-12-23 18:29:19,0.0
2023-12-23 18:29:19,856 [http-nio-9090-exec-10] INFO  o.f.teach.security.jwt.AuthTokenFilter             - /api/student/getStudentInfo,202200300201,2023-12-23 18:29:19,0.013
2023-12-23 18:29:19,856 [http-nio-9090-exec-1] INFO  o.f.teach.security.jwt.AuthTokenFilter             - /api/post/countPost,202200300201,2023-12-23 18:29:19,0.0
2023-12-23 18:29:19,861 [http-nio-9090-exec-5] INFO  o.f.teach.security.jwt.AuthTokenFilter             - /api/follow/getFansNum,202200300201,2023-12-23 18:29:19,0.0
2023-12-23 18:29:26,082 [SpringApplicationShutdownHook] INFO  o.s.o.j.LocalContainerEntityManagerFactoryBean     - Closing JPA EntityManagerFactory for persistence unit 'default'
2023-12-23 18:29:26,082 [SpringApplicationShutdownHook] INFO  com.zaxxer.hikari.HikariDataSource                 - HikariPool-1 - Shutdown initiated...
2023-12-23 18:29:26,092 [SpringApplicationShutdownHook] INFO  com.zaxxer.hikari.HikariDataSource                 - HikariPool-1 - Shutdown completed.
